{"/Volumes/Data/frameworks/xstream/dist/xstream.js":{"path":"/Volumes/Data/frameworks/xstream/dist/xstream.js","statementMap":{"0":{"start":{"line":1,"column":0},"end":{"line":1268,"column":3}},"1":{"start":{"line":1,"column":13},"end":{"line":1,"column":320}},"2":{"start":{"line":1,"column":72},"end":{"line":1,"column":90}},"3":{"start":{"line":1,"column":96},"end":{"line":1,"column":320}},"4":{"start":{"line":1,"column":139},"end":{"line":1,"column":151}},"5":{"start":{"line":1,"column":163},"end":{"line":1,"column":304}},"6":{"start":{"line":1,"column":195},"end":{"line":1,"column":203}},"7":{"start":{"line":1,"column":209},"end":{"line":1,"column":304}},"8":{"start":{"line":1,"column":241},"end":{"line":1,"column":249}},"9":{"start":{"line":1,"column":255},"end":{"line":1,"column":304}},"10":{"start":{"line":1,"column":285},"end":{"line":1,"column":291}},"11":{"start":{"line":1,"column":297},"end":{"line":1,"column":303}},"12":{"start":{"line":1,"column":304},"end":{"line":1,"column":319}},"13":{"start":{"line":1,"column":360},"end":{"line":1267,"column":17}},"14":{"start":{"line":1,"column":413},"end":{"line":1,"column":712}},"15":{"start":{"line":1,"column":423},"end":{"line":1,"column":599}},"16":{"start":{"line":1,"column":439},"end":{"line":1,"column":474}},"17":{"start":{"line":1,"column":475},"end":{"line":1,"column":499}},"18":{"start":{"line":1,"column":484},"end":{"line":1,"column":499}},"19":{"start":{"line":1,"column":499},"end":{"line":1,"column":519}},"20":{"start":{"line":1,"column":504},"end":{"line":1,"column":519}},"21":{"start":{"line":1,"column":525},"end":{"line":1,"column":564}},"22":{"start":{"line":1,"column":565},"end":{"line":1,"column":598}},"23":{"start":{"line":1,"column":605},"end":{"line":1,"column":622}},"24":{"start":{"line":1,"column":623},"end":{"line":1,"column":711}},"25":{"start":{"line":1,"column":664},"end":{"line":1,"column":674}},"26":{"start":{"line":1,"column":675},"end":{"line":1,"column":689}},"27":{"start":{"line":1,"column":712},"end":{"line":1,"column":731}},"28":{"start":{"line":1,"column":732},"end":{"line":1,"column":805}},"29":{"start":{"line":1,"column":797},"end":{"line":1,"column":805}},"30":{"start":{"line":1,"column":805},"end":{"line":1,"column":813}},"31":{"start":{"line":1,"column":814},"end":{"line":1,"column":822}},"32":{"start":{"line":3,"column":16},"end":{"line":12,"column":4}},"33":{"start":{"line":4,"column":24},"end":{"line":6,"column":82}},"34":{"start":{"line":5,"column":65},"end":{"line":5,"column":81}},"35":{"start":{"line":6,"column":26},"end":{"line":6,"column":80}},"36":{"start":{"line":6,"column":43},"end":{"line":6,"column":80}},"37":{"start":{"line":6,"column":68},"end":{"line":6,"column":80}},"38":{"start":{"line":7,"column":4},"end":{"line":11,"column":6}},"39":{"start":{"line":8,"column":8},"end":{"line":8,"column":28}},"40":{"start":{"line":9,"column":24},"end":{"line":9,"column":45}},"41":{"start":{"line":10,"column":8},"end":{"line":10,"column":93}},"42":{"start":{"line":13,"column":0},"end":{"line":13,"column":62}},"43":{"start":{"line":14,"column":26},"end":{"line":14,"column":54}},"44":{"start":{"line":15,"column":9},"end":{"line":15,"column":11}},"45":{"start":{"line":16,"column":0},"end":{"line":16,"column":16}},"46":{"start":{"line":19,"column":12},"end":{"line":19,"column":20}},"47":{"start":{"line":20,"column":12},"end":{"line":20,"column":20}},"48":{"start":{"line":21,"column":4},"end":{"line":22,"column":20}},"49":{"start":{"line":22,"column":8},"end":{"line":22,"column":20}},"50":{"start":{"line":23,"column":4},"end":{"line":23,"column":13}},"51":{"start":{"line":26,"column":4},"end":{"line":28,"column":6}},"52":{"start":{"line":27,"column":8},"end":{"line":27,"column":30}},"53":{"start":{"line":31,"column":4},"end":{"line":37,"column":5}},"54":{"start":{"line":32,"column":8},"end":{"line":32,"column":22}},"55":{"start":{"line":35,"column":8},"end":{"line":35,"column":16}},"56":{"start":{"line":36,"column":8},"end":{"line":36,"column":18}},"57":{"start":{"line":39,"column":12},"end":{"line":43,"column":1}},"58":{"start":{"line":44,"column":0},"end":{"line":44,"column":22}},"59":{"start":{"line":47,"column":4},"end":{"line":52,"column":6}},"60":{"start":{"line":48,"column":8},"end":{"line":48,"column":24}},"61":{"start":{"line":49,"column":8},"end":{"line":49,"column":25}},"62":{"start":{"line":50,"column":8},"end":{"line":50,"column":28}},"63":{"start":{"line":51,"column":8},"end":{"line":51,"column":23}},"64":{"start":{"line":53,"column":4},"end":{"line":53,"column":35}},"65":{"start":{"line":55,"column":18},"end":{"line":64,"column":3}},"66":{"start":{"line":57,"column":8},"end":{"line":57,"column":31}},"67":{"start":{"line":58,"column":8},"end":{"line":58,"column":35}},"68":{"start":{"line":60,"column":4},"end":{"line":62,"column":6}},"69":{"start":{"line":61,"column":8},"end":{"line":61,"column":45}},"70":{"start":{"line":63,"column":4},"end":{"line":63,"column":21}},"71":{"start":{"line":65,"column":17},"end":{"line":79,"column":3}},"72":{"start":{"line":67,"column":8},"end":{"line":67,"column":35}},"73":{"start":{"line":69,"column":4},"end":{"line":71,"column":6}},"74":{"start":{"line":70,"column":8},"end":{"line":70,"column":33}},"75":{"start":{"line":72,"column":4},"end":{"line":74,"column":6}},"76":{"start":{"line":73,"column":8},"end":{"line":73,"column":31}},"77":{"start":{"line":75,"column":4},"end":{"line":77,"column":6}},"78":{"start":{"line":76,"column":8},"end":{"line":76,"column":28}},"79":{"start":{"line":78,"column":4},"end":{"line":78,"column":20}},"80":{"start":{"line":80,"column":23},"end":{"line":99,"column":3}},"81":{"start":{"line":82,"column":8},"end":{"line":82,"column":37}},"82":{"start":{"line":83,"column":8},"end":{"line":83,"column":30}},"83":{"start":{"line":84,"column":8},"end":{"line":84,"column":28}},"84":{"start":{"line":86,"column":4},"end":{"line":92,"column":6}},"85":{"start":{"line":87,"column":8},"end":{"line":87,"column":23}},"86":{"start":{"line":88,"column":8},"end":{"line":88,"column":27}},"87":{"start":{"line":89,"column":8},"end":{"line":89,"column":58}},"88":{"start":{"line":90,"column":8},"end":{"line":91,"column":36}},"89":{"start":{"line":91,"column":12},"end":{"line":91,"column":36}},"90":{"start":{"line":93,"column":4},"end":{"line":97,"column":6}},"91":{"start":{"line":94,"column":8},"end":{"line":95,"column":36}},"92":{"start":{"line":95,"column":12},"end":{"line":95,"column":36}},"93":{"start":{"line":96,"column":8},"end":{"line":96,"column":28}},"94":{"start":{"line":98,"column":4},"end":{"line":98,"column":26}},"95":{"start":{"line":100,"column":14},"end":{"line":143,"column":3}},"96":{"start":{"line":102,"column":8},"end":{"line":102,"column":28}},"97":{"start":{"line":103,"column":8},"end":{"line":103,"column":29}},"98":{"start":{"line":104,"column":8},"end":{"line":104,"column":22}},"99":{"start":{"line":105,"column":8},"end":{"line":105,"column":20}},"100":{"start":{"line":107,"column":4},"end":{"line":114,"column":6}},"101":{"start":{"line":108,"column":8},"end":{"line":108,"column":23}},"102":{"start":{"line":109,"column":16},"end":{"line":109,"column":27}},"103":{"start":{"line":110,"column":16},"end":{"line":110,"column":24}},"104":{"start":{"line":111,"column":8},"end":{"line":111,"column":20}},"105":{"start":{"line":112,"column":8},"end":{"line":113,"column":28}},"106":{"start":{"line":113,"column":12},"end":{"line":113,"column":28}},"107":{"start":{"line":115,"column":4},"end":{"line":121,"column":6}},"108":{"start":{"line":116,"column":16},"end":{"line":116,"column":27}},"109":{"start":{"line":117,"column":16},"end":{"line":117,"column":24}},"110":{"start":{"line":118,"column":8},"end":{"line":119,"column":31}},"111":{"start":{"line":119,"column":12},"end":{"line":119,"column":31}},"112":{"start":{"line":120,"column":8},"end":{"line":120,"column":22}},"113":{"start":{"line":122,"column":4},"end":{"line":127,"column":6}},"114":{"start":{"line":123,"column":16},"end":{"line":123,"column":24}},"115":{"start":{"line":124,"column":8},"end":{"line":125,"column":19}},"116":{"start":{"line":125,"column":12},"end":{"line":125,"column":19}},"117":{"start":{"line":126,"column":8},"end":{"line":126,"column":16}},"118":{"start":{"line":128,"column":4},"end":{"line":133,"column":6}},"119":{"start":{"line":129,"column":16},"end":{"line":129,"column":24}},"120":{"start":{"line":130,"column":8},"end":{"line":131,"column":19}},"121":{"start":{"line":131,"column":12},"end":{"line":131,"column":19}},"122":{"start":{"line":132,"column":8},"end":{"line":132,"column":18}},"123":{"start":{"line":134,"column":4},"end":{"line":141,"column":6}},"124":{"start":{"line":135,"column":8},"end":{"line":140,"column":9}},"125":{"start":{"line":136,"column":20},"end":{"line":136,"column":28}},"126":{"start":{"line":137,"column":12},"end":{"line":138,"column":23}},"127":{"start":{"line":138,"column":16},"end":{"line":138,"column":23}},"128":{"start":{"line":139,"column":12},"end":{"line":139,"column":19}},"129":{"start":{"line":142,"column":4},"end":{"line":142,"column":17}},"130":{"start":{"line":144,"column":24},"end":{"line":178,"column":3}},"131":{"start":{"line":146,"column":8},"end":{"line":146,"column":19}},"132":{"start":{"line":147,"column":8},"end":{"line":147,"column":23}},"133":{"start":{"line":148,"column":8},"end":{"line":148,"column":19}},"134":{"start":{"line":149,"column":8},"end":{"line":149,"column":25}},"135":{"start":{"line":151,"column":4},"end":{"line":163,"column":6}},"136":{"start":{"line":152,"column":16},"end":{"line":152,"column":22}},"137":{"start":{"line":152,"column":30},"end":{"line":152,"column":38}},"138":{"start":{"line":153,"column":8},"end":{"line":154,"column":19}},"139":{"start":{"line":154,"column":12},"end":{"line":154,"column":19}},"140":{"start":{"line":155,"column":8},"end":{"line":162,"column":9}},"141":{"start":{"line":156,"column":20},"end":{"line":156,"column":26}},"142":{"start":{"line":157,"column":20},"end":{"line":157,"column":28}},"143":{"start":{"line":158,"column":20},"end":{"line":158,"column":28}},"144":{"start":{"line":159,"column":12},"end":{"line":160,"column":28}},"145":{"start":{"line":160,"column":16},"end":{"line":160,"column":28}},"146":{"start":{"line":161,"column":12},"end":{"line":161,"column":22}},"147":{"start":{"line":164,"column":4},"end":{"line":169,"column":6}},"148":{"start":{"line":165,"column":18},"end":{"line":165,"column":26}},"149":{"start":{"line":166,"column":8},"end":{"line":167,"column":19}},"150":{"start":{"line":167,"column":12},"end":{"line":167,"column":19}},"151":{"start":{"line":168,"column":8},"end":{"line":168,"column":20}},"152":{"start":{"line":170,"column":4},"end":{"line":176,"column":6}},"153":{"start":{"line":171,"column":16},"end":{"line":171,"column":22}},"154":{"start":{"line":172,"column":8},"end":{"line":173,"column":19}},"155":{"start":{"line":173,"column":12},"end":{"line":173,"column":19}},"156":{"start":{"line":174,"column":8},"end":{"line":175,"column":23}},"157":{"start":{"line":175,"column":12},"end":{"line":175,"column":23}},"158":{"start":{"line":177,"column":4},"end":{"line":177,"column":27}},"159":{"start":{"line":179,"column":16},"end":{"line":221,"column":3}},"160":{"start":{"line":181,"column":8},"end":{"line":181,"column":30}},"161":{"start":{"line":182,"column":8},"end":{"line":182,"column":29}},"162":{"start":{"line":183,"column":8},"end":{"line":183,"column":22}},"163":{"start":{"line":184,"column":8},"end":{"line":184,"column":22}},"164":{"start":{"line":185,"column":8},"end":{"line":185,"column":30}},"165":{"start":{"line":186,"column":8},"end":{"line":186,"column":23}},"166":{"start":{"line":188,"column":4},"end":{"line":193,"column":6}},"167":{"start":{"line":189,"column":16},"end":{"line":189,"column":28}},"168":{"start":{"line":190,"column":17},"end":{"line":190,"column":62}},"169":{"start":{"line":191,"column":8},"end":{"line":191,"column":25}},"170":{"start":{"line":192,"column":8},"end":{"line":192,"column":24}},"171":{"start":{"line":194,"column":4},"end":{"line":209,"column":6}},"172":{"start":{"line":195,"column":8},"end":{"line":195,"column":23}},"173":{"start":{"line":196,"column":16},"end":{"line":196,"column":27}},"174":{"start":{"line":197,"column":16},"end":{"line":197,"column":44}},"175":{"start":{"line":198,"column":19},"end":{"line":198,"column":43}},"176":{"start":{"line":199,"column":8},"end":{"line":208,"column":9}},"177":{"start":{"line":200,"column":12},"end":{"line":200,"column":23}},"178":{"start":{"line":201,"column":12},"end":{"line":201,"column":21}},"179":{"start":{"line":204,"column":12},"end":{"line":207,"column":13}},"180":{"start":{"line":205,"column":16},"end":{"line":205,"column":29}},"181":{"start":{"line":206,"column":16},"end":{"line":206,"column":61}},"182":{"start":{"line":210,"column":4},"end":{"line":219,"column":6}},"183":{"start":{"line":211,"column":16},"end":{"line":211,"column":27}},"184":{"start":{"line":212,"column":16},"end":{"line":212,"column":24}},"185":{"start":{"line":213,"column":18},"end":{"line":213,"column":26}},"186":{"start":{"line":214,"column":8},"end":{"line":215,"column":33}},"187":{"start":{"line":215,"column":12},"end":{"line":215,"column":33}},"188":{"start":{"line":216,"column":8},"end":{"line":216,"column":22}},"189":{"start":{"line":217,"column":8},"end":{"line":217,"column":22}},"190":{"start":{"line":218,"column":8},"end":{"line":218,"column":23}},"191":{"start":{"line":220,"column":4},"end":{"line":220,"column":19}},"192":{"start":{"line":222,"column":18},"end":{"line":236,"column":3}},"193":{"start":{"line":224,"column":8},"end":{"line":224,"column":32}},"194":{"start":{"line":225,"column":8},"end":{"line":225,"column":19}},"195":{"start":{"line":227,"column":4},"end":{"line":232,"column":6}},"196":{"start":{"line":228,"column":16},"end":{"line":228,"column":22}},"197":{"start":{"line":229,"column":8},"end":{"line":230,"column":25}},"198":{"start":{"line":230,"column":12},"end":{"line":230,"column":25}},"199":{"start":{"line":231,"column":8},"end":{"line":231,"column":17}},"200":{"start":{"line":233,"column":4},"end":{"line":234,"column":6}},"201":{"start":{"line":235,"column":4},"end":{"line":235,"column":21}},"202":{"start":{"line":237,"column":20},"end":{"line":261,"column":3}},"203":{"start":{"line":239,"column":8},"end":{"line":239,"column":34}},"204":{"start":{"line":240,"column":8},"end":{"line":240,"column":24}},"205":{"start":{"line":241,"column":8},"end":{"line":241,"column":19}},"206":{"start":{"line":243,"column":4},"end":{"line":256,"column":6}},"207":{"start":{"line":244,"column":19},"end":{"line":244,"column":23}},"208":{"start":{"line":245,"column":8},"end":{"line":245,"column":23}},"209":{"start":{"line":246,"column":8},"end":{"line":255,"column":11}},"210":{"start":{"line":247,"column":12},"end":{"line":250,"column":13}},"211":{"start":{"line":248,"column":16},"end":{"line":248,"column":26}},"212":{"start":{"line":249,"column":16},"end":{"line":249,"column":25}},"213":{"start":{"line":252,"column":12},"end":{"line":252,"column":22}},"214":{"start":{"line":254,"column":12},"end":{"line":254,"column":51}},"215":{"start":{"line":254,"column":37},"end":{"line":254,"column":47}},"216":{"start":{"line":257,"column":4},"end":{"line":259,"column":6}},"217":{"start":{"line":258,"column":8},"end":{"line":258,"column":24}},"218":{"start":{"line":260,"column":4},"end":{"line":260,"column":23}},"219":{"start":{"line":262,"column":17},"end":{"line":281,"column":3}},"220":{"start":{"line":264,"column":8},"end":{"line":264,"column":31}},"221":{"start":{"line":265,"column":8},"end":{"line":265,"column":29}},"222":{"start":{"line":266,"column":8},"end":{"line":266,"column":29}},"223":{"start":{"line":267,"column":8},"end":{"line":267,"column":19}},"224":{"start":{"line":269,"column":4},"end":{"line":273,"column":6}},"225":{"start":{"line":270,"column":19},"end":{"line":270,"column":23}},"226":{"start":{"line":271,"column":37},"end":{"line":271,"column":54}},"227":{"start":{"line":272,"column":8},"end":{"line":272,"column":68}},"228":{"start":{"line":274,"column":4},"end":{"line":279,"column":6}},"229":{"start":{"line":275,"column":8},"end":{"line":276,"column":43}},"230":{"start":{"line":276,"column":12},"end":{"line":276,"column":43}},"231":{"start":{"line":277,"column":8},"end":{"line":277,"column":29}},"232":{"start":{"line":278,"column":8},"end":{"line":278,"column":19}},"233":{"start":{"line":280,"column":4},"end":{"line":280,"column":20}},"234":{"start":{"line":282,"column":14},"end":{"line":334,"column":3}},"235":{"start":{"line":284,"column":8},"end":{"line":284,"column":28}},"236":{"start":{"line":285,"column":8},"end":{"line":285,"column":23}},"237":{"start":{"line":286,"column":8},"end":{"line":286,"column":22}},"238":{"start":{"line":287,"column":8},"end":{"line":287,"column":22}},"239":{"start":{"line":288,"column":8},"end":{"line":288,"column":20}},"240":{"start":{"line":289,"column":8},"end":{"line":292,"column":25}},"241":{"start":{"line":290,"column":12},"end":{"line":290,"column":25}},"242":{"start":{"line":291,"column":13},"end":{"line":292,"column":25}},"243":{"start":{"line":292,"column":12},"end":{"line":292,"column":25}},"244":{"start":{"line":294,"column":4},"end":{"line":297,"column":6}},"245":{"start":{"line":295,"column":8},"end":{"line":295,"column":23}},"246":{"start":{"line":296,"column":8},"end":{"line":296,"column":28}},"247":{"start":{"line":298,"column":4},"end":{"line":301,"column":6}},"248":{"start":{"line":299,"column":8},"end":{"line":299,"column":31}},"249":{"start":{"line":300,"column":8},"end":{"line":300,"column":22}},"250":{"start":{"line":302,"column":4},"end":{"line":320,"column":6}},"251":{"start":{"line":303,"column":16},"end":{"line":303,"column":24}},"252":{"start":{"line":304,"column":8},"end":{"line":305,"column":19}},"253":{"start":{"line":305,"column":12},"end":{"line":305,"column":19}},"254":{"start":{"line":306,"column":16},"end":{"line":306,"column":22}},"255":{"start":{"line":306,"column":28},"end":{"line":306,"column":34}},"256":{"start":{"line":307,"column":8},"end":{"line":318,"column":27}},"257":{"start":{"line":308,"column":12},"end":{"line":313,"column":13}},"258":{"start":{"line":309,"column":16},"end":{"line":309,"column":21}},"259":{"start":{"line":312,"column":16},"end":{"line":312,"column":24}},"260":{"start":{"line":315,"column":13},"end":{"line":318,"column":27}},"261":{"start":{"line":316,"column":12},"end":{"line":316,"column":36}},"262":{"start":{"line":318,"column":12},"end":{"line":318,"column":27}},"263":{"start":{"line":319,"column":8},"end":{"line":319,"column":16}},"264":{"start":{"line":321,"column":4},"end":{"line":326,"column":6}},"265":{"start":{"line":322,"column":16},"end":{"line":322,"column":24}},"266":{"start":{"line":323,"column":8},"end":{"line":324,"column":19}},"267":{"start":{"line":324,"column":12},"end":{"line":324,"column":19}},"268":{"start":{"line":325,"column":8},"end":{"line":325,"column":18}},"269":{"start":{"line":327,"column":4},"end":{"line":332,"column":6}},"270":{"start":{"line":328,"column":16},"end":{"line":328,"column":24}},"271":{"start":{"line":329,"column":8},"end":{"line":330,"column":19}},"272":{"start":{"line":330,"column":12},"end":{"line":330,"column":19}},"273":{"start":{"line":331,"column":8},"end":{"line":331,"column":15}},"274":{"start":{"line":333,"column":4},"end":{"line":333,"column":17}},"275":{"start":{"line":335,"column":13},"end":{"line":372,"column":3}},"276":{"start":{"line":337,"column":8},"end":{"line":337,"column":27}},"277":{"start":{"line":338,"column":8},"end":{"line":338,"column":23}},"278":{"start":{"line":339,"column":8},"end":{"line":339,"column":22}},"279":{"start":{"line":340,"column":8},"end":{"line":340,"column":23}},"280":{"start":{"line":341,"column":8},"end":{"line":341,"column":25}},"281":{"start":{"line":343,"column":4},"end":{"line":347,"column":6}},"282":{"start":{"line":344,"column":8},"end":{"line":344,"column":23}},"283":{"start":{"line":345,"column":8},"end":{"line":345,"column":25}},"284":{"start":{"line":346,"column":8},"end":{"line":346,"column":28}},"285":{"start":{"line":348,"column":4},"end":{"line":351,"column":6}},"286":{"start":{"line":349,"column":8},"end":{"line":349,"column":31}},"287":{"start":{"line":350,"column":8},"end":{"line":350,"column":22}},"288":{"start":{"line":352,"column":4},"end":{"line":358,"column":6}},"289":{"start":{"line":353,"column":16},"end":{"line":353,"column":24}},"290":{"start":{"line":354,"column":8},"end":{"line":355,"column":19}},"291":{"start":{"line":355,"column":12},"end":{"line":355,"column":19}},"292":{"start":{"line":356,"column":8},"end":{"line":357,"column":20}},"293":{"start":{"line":357,"column":12},"end":{"line":357,"column":20}},"294":{"start":{"line":359,"column":4},"end":{"line":364,"column":6}},"295":{"start":{"line":360,"column":16},"end":{"line":360,"column":24}},"296":{"start":{"line":361,"column":8},"end":{"line":362,"column":19}},"297":{"start":{"line":362,"column":12},"end":{"line":362,"column":19}},"298":{"start":{"line":363,"column":8},"end":{"line":363,"column":18}},"299":{"start":{"line":365,"column":4},"end":{"line":370,"column":6}},"300":{"start":{"line":366,"column":16},"end":{"line":366,"column":24}},"301":{"start":{"line":367,"column":8},"end":{"line":368,"column":19}},"302":{"start":{"line":368,"column":12},"end":{"line":368,"column":19}},"303":{"start":{"line":369,"column":8},"end":{"line":369,"column":15}},"304":{"start":{"line":371,"column":4},"end":{"line":371,"column":16}},"305":{"start":{"line":373,"column":24},"end":{"line":388,"column":3}},"306":{"start":{"line":375,"column":8},"end":{"line":375,"column":23}},"307":{"start":{"line":376,"column":8},"end":{"line":376,"column":21}},"308":{"start":{"line":378,"column":4},"end":{"line":380,"column":6}},"309":{"start":{"line":379,"column":8},"end":{"line":379,"column":22}},"310":{"start":{"line":381,"column":4},"end":{"line":383,"column":6}},"311":{"start":{"line":382,"column":8},"end":{"line":382,"column":25}},"312":{"start":{"line":384,"column":4},"end":{"line":386,"column":6}},"313":{"start":{"line":385,"column":8},"end":{"line":385,"column":22}},"314":{"start":{"line":387,"column":4},"end":{"line":387,"column":27}},"315":{"start":{"line":389,"column":16},"end":{"line":430,"column":3}},"316":{"start":{"line":391,"column":8},"end":{"line":391,"column":30}},"317":{"start":{"line":392,"column":8},"end":{"line":392,"column":23}},"318":{"start":{"line":393,"column":8},"end":{"line":393,"column":22}},"319":{"start":{"line":394,"column":8},"end":{"line":394,"column":19}},"320":{"start":{"line":395,"column":8},"end":{"line":395,"column":25}},"321":{"start":{"line":397,"column":4},"end":{"line":401,"column":6}},"322":{"start":{"line":398,"column":8},"end":{"line":398,"column":23}},"323":{"start":{"line":399,"column":8},"end":{"line":399,"column":63}},"324":{"start":{"line":400,"column":8},"end":{"line":400,"column":28}},"325":{"start":{"line":402,"column":4},"end":{"line":407,"column":6}},"326":{"start":{"line":403,"column":8},"end":{"line":403,"column":31}},"327":{"start":{"line":404,"column":8},"end":{"line":404,"column":33}},"328":{"start":{"line":405,"column":8},"end":{"line":405,"column":22}},"329":{"start":{"line":406,"column":8},"end":{"line":406,"column":25}},"330":{"start":{"line":408,"column":4},"end":{"line":413,"column":6}},"331":{"start":{"line":409,"column":16},"end":{"line":409,"column":24}},"332":{"start":{"line":410,"column":8},"end":{"line":411,"column":19}},"333":{"start":{"line":411,"column":12},"end":{"line":411,"column":19}},"334":{"start":{"line":412,"column":8},"end":{"line":412,"column":15}},"335":{"start":{"line":414,"column":4},"end":{"line":419,"column":6}},"336":{"start":{"line":415,"column":16},"end":{"line":415,"column":24}},"337":{"start":{"line":416,"column":8},"end":{"line":417,"column":19}},"338":{"start":{"line":417,"column":12},"end":{"line":417,"column":19}},"339":{"start":{"line":418,"column":8},"end":{"line":418,"column":16}},"340":{"start":{"line":420,"column":4},"end":{"line":425,"column":6}},"341":{"start":{"line":421,"column":16},"end":{"line":421,"column":24}},"342":{"start":{"line":422,"column":8},"end":{"line":423,"column":19}},"343":{"start":{"line":423,"column":12},"end":{"line":423,"column":19}},"344":{"start":{"line":424,"column":8},"end":{"line":424,"column":18}},"345":{"start":{"line":426,"column":4},"end":{"line":428,"column":6}},"346":{"start":{"line":427,"column":8},"end":{"line":427,"column":19}},"347":{"start":{"line":429,"column":4},"end":{"line":429,"column":19}},"348":{"start":{"line":431,"column":15},"end":{"line":468,"column":3}},"349":{"start":{"line":433,"column":8},"end":{"line":433,"column":29}},"350":{"start":{"line":434,"column":8},"end":{"line":434,"column":23}},"351":{"start":{"line":435,"column":8},"end":{"line":435,"column":22}},"352":{"start":{"line":436,"column":8},"end":{"line":436,"column":24}},"353":{"start":{"line":438,"column":4},"end":{"line":441,"column":6}},"354":{"start":{"line":439,"column":8},"end":{"line":439,"column":23}},"355":{"start":{"line":440,"column":8},"end":{"line":440,"column":28}},"356":{"start":{"line":442,"column":4},"end":{"line":445,"column":6}},"357":{"start":{"line":443,"column":8},"end":{"line":443,"column":31}},"358":{"start":{"line":444,"column":8},"end":{"line":444,"column":22}},"359":{"start":{"line":446,"column":4},"end":{"line":454,"column":6}},"360":{"start":{"line":447,"column":16},"end":{"line":447,"column":24}},"361":{"start":{"line":448,"column":8},"end":{"line":449,"column":19}},"362":{"start":{"line":449,"column":12},"end":{"line":449,"column":19}},"363":{"start":{"line":450,"column":16},"end":{"line":450,"column":32}},"364":{"start":{"line":451,"column":8},"end":{"line":452,"column":19}},"365":{"start":{"line":452,"column":12},"end":{"line":452,"column":19}},"366":{"start":{"line":453,"column":8},"end":{"line":453,"column":16}},"367":{"start":{"line":455,"column":4},"end":{"line":460,"column":6}},"368":{"start":{"line":456,"column":16},"end":{"line":456,"column":24}},"369":{"start":{"line":457,"column":8},"end":{"line":458,"column":19}},"370":{"start":{"line":458,"column":12},"end":{"line":458,"column":19}},"371":{"start":{"line":459,"column":8},"end":{"line":459,"column":18}},"372":{"start":{"line":461,"column":4},"end":{"line":466,"column":6}},"373":{"start":{"line":462,"column":16},"end":{"line":462,"column":24}},"374":{"start":{"line":463,"column":8},"end":{"line":464,"column":19}},"375":{"start":{"line":464,"column":12},"end":{"line":464,"column":19}},"376":{"start":{"line":465,"column":8},"end":{"line":465,"column":15}},"377":{"start":{"line":467,"column":4},"end":{"line":467,"column":18}},"378":{"start":{"line":469,"column":24},"end":{"line":485,"column":3}},"379":{"start":{"line":471,"column":8},"end":{"line":471,"column":23}},"380":{"start":{"line":472,"column":8},"end":{"line":472,"column":21}},"381":{"start":{"line":474,"column":4},"end":{"line":476,"column":6}},"382":{"start":{"line":475,"column":8},"end":{"line":475,"column":23}},"383":{"start":{"line":477,"column":4},"end":{"line":479,"column":6}},"384":{"start":{"line":478,"column":8},"end":{"line":478,"column":25}},"385":{"start":{"line":480,"column":4},"end":{"line":483,"column":6}},"386":{"start":{"line":481,"column":8},"end":{"line":481,"column":27}},"387":{"start":{"line":482,"column":8},"end":{"line":482,"column":23}},"388":{"start":{"line":484,"column":4},"end":{"line":484,"column":27}},"389":{"start":{"line":486,"column":16},"end":{"line":538,"column":3}},"390":{"start":{"line":488,"column":8},"end":{"line":488,"column":30}},"391":{"start":{"line":489,"column":8},"end":{"line":489,"column":23}},"392":{"start":{"line":490,"column":8},"end":{"line":490,"column":22}},"393":{"start":{"line":491,"column":8},"end":{"line":491,"column":25}},"394":{"start":{"line":492,"column":8},"end":{"line":492,"column":24}},"395":{"start":{"line":493,"column":8},"end":{"line":493,"column":24}},"396":{"start":{"line":495,"column":4},"end":{"line":501,"column":6}},"397":{"start":{"line":496,"column":8},"end":{"line":496,"column":23}},"398":{"start":{"line":497,"column":8},"end":{"line":497,"column":25}},"399":{"start":{"line":498,"column":8},"end":{"line":498,"column":24}},"400":{"start":{"line":499,"column":8},"end":{"line":499,"column":24}},"401":{"start":{"line":500,"column":8},"end":{"line":500,"column":28}},"402":{"start":{"line":502,"column":4},"end":{"line":510,"column":6}},"403":{"start":{"line":503,"column":8},"end":{"line":503,"column":31}},"404":{"start":{"line":504,"column":8},"end":{"line":505,"column":40}},"405":{"start":{"line":505,"column":12},"end":{"line":505,"column":40}},"406":{"start":{"line":506,"column":8},"end":{"line":506,"column":22}},"407":{"start":{"line":507,"column":8},"end":{"line":507,"column":25}},"408":{"start":{"line":508,"column":8},"end":{"line":508,"column":24}},"409":{"start":{"line":509,"column":8},"end":{"line":509,"column":24}},"410":{"start":{"line":511,"column":4},"end":{"line":517,"column":6}},"411":{"start":{"line":512,"column":16},"end":{"line":512,"column":24}},"412":{"start":{"line":513,"column":8},"end":{"line":514,"column":19}},"413":{"start":{"line":514,"column":12},"end":{"line":514,"column":19}},"414":{"start":{"line":515,"column":8},"end":{"line":516,"column":19}},"415":{"start":{"line":516,"column":12},"end":{"line":516,"column":19}},"416":{"start":{"line":518,"column":4},"end":{"line":526,"column":6}},"417":{"start":{"line":519,"column":16},"end":{"line":519,"column":24}},"418":{"start":{"line":520,"column":8},"end":{"line":521,"column":19}},"419":{"start":{"line":521,"column":12},"end":{"line":521,"column":19}},"420":{"start":{"line":522,"column":17},"end":{"line":522,"column":21}},"421":{"start":{"line":522,"column":31},"end":{"line":522,"column":39}},"422":{"start":{"line":522,"column":46},"end":{"line":522,"column":51}},"423":{"start":{"line":523,"column":8},"end":{"line":524,"column":30}},"424":{"start":{"line":524,"column":12},"end":{"line":524,"column":30}},"425":{"start":{"line":525,"column":8},"end":{"line":525,"column":70}},"426":{"start":{"line":527,"column":4},"end":{"line":532,"column":6}},"427":{"start":{"line":528,"column":16},"end":{"line":528,"column":24}},"428":{"start":{"line":529,"column":8},"end":{"line":530,"column":19}},"429":{"start":{"line":530,"column":12},"end":{"line":530,"column":19}},"430":{"start":{"line":531,"column":8},"end":{"line":531,"column":18}},"431":{"start":{"line":533,"column":4},"end":{"line":536,"column":6}},"432":{"start":{"line":534,"column":8},"end":{"line":534,"column":26}},"433":{"start":{"line":535,"column":8},"end":{"line":535,"column":20}},"434":{"start":{"line":537,"column":4},"end":{"line":537,"column":19}},"435":{"start":{"line":539,"column":13},"end":{"line":581,"column":3}},"436":{"start":{"line":541,"column":20},"end":{"line":541,"column":24}},"437":{"start":{"line":542,"column":8},"end":{"line":542,"column":27}},"438":{"start":{"line":543,"column":8},"end":{"line":543,"column":23}},"439":{"start":{"line":544,"column":8},"end":{"line":544,"column":22}},"440":{"start":{"line":545,"column":8},"end":{"line":545,"column":58}},"441":{"start":{"line":545,"column":32},"end":{"line":545,"column":55}},"442":{"start":{"line":546,"column":8},"end":{"line":546,"column":36}},"443":{"start":{"line":548,"column":4},"end":{"line":553,"column":6}},"444":{"start":{"line":549,"column":8},"end":{"line":549,"column":23}},"445":{"start":{"line":550,"column":8},"end":{"line":550,"column":29}},"446":{"start":{"line":551,"column":8},"end":{"line":551,"column":25}},"447":{"start":{"line":552,"column":8},"end":{"line":552,"column":28}},"448":{"start":{"line":554,"column":4},"end":{"line":558,"column":6}},"449":{"start":{"line":555,"column":8},"end":{"line":555,"column":31}},"450":{"start":{"line":556,"column":8},"end":{"line":556,"column":22}},"451":{"start":{"line":557,"column":8},"end":{"line":557,"column":29}},"452":{"start":{"line":559,"column":4},"end":{"line":567,"column":6}},"453":{"start":{"line":560,"column":16},"end":{"line":560,"column":24}},"454":{"start":{"line":561,"column":8},"end":{"line":562,"column":19}},"455":{"start":{"line":562,"column":12},"end":{"line":562,"column":19}},"456":{"start":{"line":563,"column":16},"end":{"line":563,"column":32}},"457":{"start":{"line":564,"column":8},"end":{"line":565,"column":19}},"458":{"start":{"line":565,"column":12},"end":{"line":565,"column":19}},"459":{"start":{"line":566,"column":8},"end":{"line":566,"column":27}},"460":{"start":{"line":568,"column":4},"end":{"line":573,"column":6}},"461":{"start":{"line":569,"column":16},"end":{"line":569,"column":24}},"462":{"start":{"line":570,"column":8},"end":{"line":571,"column":19}},"463":{"start":{"line":571,"column":12},"end":{"line":571,"column":19}},"464":{"start":{"line":572,"column":8},"end":{"line":572,"column":18}},"465":{"start":{"line":574,"column":4},"end":{"line":579,"column":6}},"466":{"start":{"line":575,"column":16},"end":{"line":575,"column":24}},"467":{"start":{"line":576,"column":8},"end":{"line":577,"column":19}},"468":{"start":{"line":577,"column":12},"end":{"line":577,"column":19}},"469":{"start":{"line":578,"column":8},"end":{"line":578,"column":15}},"470":{"start":{"line":580,"column":4},"end":{"line":580,"column":16}},"471":{"start":{"line":582,"column":13},"end":{"line":622,"column":3}},"472":{"start":{"line":584,"column":8},"end":{"line":584,"column":27}},"473":{"start":{"line":585,"column":8},"end":{"line":585,"column":23}},"474":{"start":{"line":586,"column":8},"end":{"line":586,"column":22}},"475":{"start":{"line":587,"column":8},"end":{"line":587,"column":25}},"476":{"start":{"line":588,"column":8},"end":{"line":588,"column":22}},"477":{"start":{"line":590,"column":4},"end":{"line":594,"column":6}},"478":{"start":{"line":591,"column":8},"end":{"line":591,"column":23}},"479":{"start":{"line":592,"column":8},"end":{"line":592,"column":25}},"480":{"start":{"line":593,"column":8},"end":{"line":593,"column":28}},"481":{"start":{"line":595,"column":4},"end":{"line":599,"column":6}},"482":{"start":{"line":596,"column":8},"end":{"line":596,"column":31}},"483":{"start":{"line":597,"column":8},"end":{"line":597,"column":22}},"484":{"start":{"line":598,"column":8},"end":{"line":598,"column":22}},"485":{"start":{"line":600,"column":4},"end":{"line":603,"column":6}},"486":{"start":{"line":601,"column":8},"end":{"line":601,"column":24}},"487":{"start":{"line":602,"column":8},"end":{"line":602,"column":21}},"488":{"start":{"line":604,"column":4},"end":{"line":609,"column":6}},"489":{"start":{"line":605,"column":16},"end":{"line":605,"column":24}},"490":{"start":{"line":606,"column":8},"end":{"line":607,"column":19}},"491":{"start":{"line":607,"column":12},"end":{"line":607,"column":19}},"492":{"start":{"line":608,"column":8},"end":{"line":608,"column":18}},"493":{"start":{"line":610,"column":4},"end":{"line":620,"column":6}},"494":{"start":{"line":611,"column":16},"end":{"line":611,"column":24}},"495":{"start":{"line":612,"column":8},"end":{"line":613,"column":19}},"496":{"start":{"line":613,"column":12},"end":{"line":613,"column":19}},"497":{"start":{"line":614,"column":8},"end":{"line":619,"column":76}},"498":{"start":{"line":615,"column":12},"end":{"line":615,"column":27}},"499":{"start":{"line":616,"column":12},"end":{"line":616,"column":19}},"500":{"start":{"line":619,"column":12},"end":{"line":619,"column":76}},"501":{"start":{"line":621,"column":4},"end":{"line":621,"column":16}},"502":{"start":{"line":623,"column":14},"end":{"line":660,"column":3}},"503":{"start":{"line":625,"column":8},"end":{"line":625,"column":26}},"504":{"start":{"line":626,"column":8},"end":{"line":626,"column":23}},"505":{"start":{"line":627,"column":8},"end":{"line":627,"column":22}},"506":{"start":{"line":628,"column":8},"end":{"line":628,"column":25}},"507":{"start":{"line":630,"column":4},"end":{"line":633,"column":6}},"508":{"start":{"line":631,"column":8},"end":{"line":631,"column":23}},"509":{"start":{"line":632,"column":8},"end":{"line":632,"column":28}},"510":{"start":{"line":634,"column":4},"end":{"line":637,"column":6}},"511":{"start":{"line":635,"column":8},"end":{"line":635,"column":31}},"512":{"start":{"line":636,"column":8},"end":{"line":636,"column":22}},"513":{"start":{"line":638,"column":4},"end":{"line":646,"column":6}},"514":{"start":{"line":639,"column":16},"end":{"line":639,"column":24}},"515":{"start":{"line":640,"column":8},"end":{"line":641,"column":19}},"516":{"start":{"line":641,"column":12},"end":{"line":641,"column":19}},"517":{"start":{"line":642,"column":16},"end":{"line":642,"column":32}},"518":{"start":{"line":643,"column":8},"end":{"line":644,"column":19}},"519":{"start":{"line":644,"column":12},"end":{"line":644,"column":19}},"520":{"start":{"line":645,"column":8},"end":{"line":645,"column":16}},"521":{"start":{"line":647,"column":4},"end":{"line":652,"column":6}},"522":{"start":{"line":648,"column":16},"end":{"line":648,"column":24}},"523":{"start":{"line":649,"column":8},"end":{"line":650,"column":19}},"524":{"start":{"line":650,"column":12},"end":{"line":650,"column":19}},"525":{"start":{"line":651,"column":8},"end":{"line":651,"column":18}},"526":{"start":{"line":653,"column":4},"end":{"line":658,"column":6}},"527":{"start":{"line":654,"column":16},"end":{"line":654,"column":24}},"528":{"start":{"line":655,"column":8},"end":{"line":656,"column":19}},"529":{"start":{"line":656,"column":12},"end":{"line":656,"column":19}},"530":{"start":{"line":657,"column":8},"end":{"line":657,"column":15}},"531":{"start":{"line":659,"column":4},"end":{"line":659,"column":17}},"532":{"start":{"line":661,"column":17},"end":{"line":676,"column":3}},"533":{"start":{"line":663,"column":8},"end":{"line":663,"column":31}},"534":{"start":{"line":664,"column":8},"end":{"line":664,"column":23}},"535":{"start":{"line":665,"column":8},"end":{"line":665,"column":22}},"536":{"start":{"line":667,"column":4},"end":{"line":670,"column":6}},"537":{"start":{"line":668,"column":8},"end":{"line":668,"column":23}},"538":{"start":{"line":669,"column":8},"end":{"line":669,"column":27}},"539":{"start":{"line":671,"column":4},"end":{"line":674,"column":6}},"540":{"start":{"line":672,"column":8},"end":{"line":672,"column":35}},"541":{"start":{"line":673,"column":8},"end":{"line":673,"column":22}},"542":{"start":{"line":675,"column":4},"end":{"line":675,"column":20}},"543":{"start":{"line":677,"column":21},"end":{"line":717,"column":3}},"544":{"start":{"line":679,"column":8},"end":{"line":679,"column":35}},"545":{"start":{"line":680,"column":8},"end":{"line":680,"column":23}},"546":{"start":{"line":681,"column":8},"end":{"line":681,"column":22}},"547":{"start":{"line":682,"column":8},"end":{"line":682,"column":26}},"548":{"start":{"line":684,"column":4},"end":{"line":687,"column":6}},"549":{"start":{"line":685,"column":8},"end":{"line":685,"column":23}},"550":{"start":{"line":686,"column":8},"end":{"line":686,"column":28}},"551":{"start":{"line":688,"column":4},"end":{"line":691,"column":6}},"552":{"start":{"line":689,"column":8},"end":{"line":689,"column":31}},"553":{"start":{"line":690,"column":8},"end":{"line":690,"column":22}},"554":{"start":{"line":692,"column":4},"end":{"line":697,"column":6}},"555":{"start":{"line":693,"column":16},"end":{"line":693,"column":24}},"556":{"start":{"line":694,"column":8},"end":{"line":695,"column":19}},"557":{"start":{"line":695,"column":12},"end":{"line":695,"column":19}},"558":{"start":{"line":696,"column":8},"end":{"line":696,"column":16}},"559":{"start":{"line":698,"column":4},"end":{"line":709,"column":6}},"560":{"start":{"line":699,"column":16},"end":{"line":699,"column":24}},"561":{"start":{"line":700,"column":8},"end":{"line":701,"column":19}},"562":{"start":{"line":701,"column":12},"end":{"line":701,"column":19}},"563":{"start":{"line":702,"column":8},"end":{"line":708,"column":9}},"564":{"start":{"line":703,"column":12},"end":{"line":703,"column":35}},"565":{"start":{"line":704,"column":12},"end":{"line":704,"column":48}},"566":{"start":{"line":707,"column":12},"end":{"line":707,"column":20}},"567":{"start":{"line":710,"column":4},"end":{"line":715,"column":6}},"568":{"start":{"line":711,"column":16},"end":{"line":711,"column":24}},"569":{"start":{"line":712,"column":8},"end":{"line":713,"column":19}},"570":{"start":{"line":713,"column":12},"end":{"line":713,"column":19}},"571":{"start":{"line":714,"column":8},"end":{"line":714,"column":15}},"572":{"start":{"line":716,"column":4},"end":{"line":716,"column":24}},"573":{"start":{"line":718,"column":18},"end":{"line":735,"column":3}},"574":{"start":{"line":720,"column":8},"end":{"line":720,"column":32}},"575":{"start":{"line":721,"column":8},"end":{"line":721,"column":23}},"576":{"start":{"line":722,"column":8},"end":{"line":722,"column":22}},"577":{"start":{"line":723,"column":8},"end":{"line":723,"column":23}},"578":{"start":{"line":725,"column":4},"end":{"line":729,"column":6}},"579":{"start":{"line":726,"column":8},"end":{"line":726,"column":23}},"580":{"start":{"line":727,"column":8},"end":{"line":727,"column":30}},"581":{"start":{"line":728,"column":8},"end":{"line":728,"column":27}},"582":{"start":{"line":730,"column":4},"end":{"line":733,"column":6}},"583":{"start":{"line":731,"column":8},"end":{"line":731,"column":35}},"584":{"start":{"line":732,"column":8},"end":{"line":732,"column":22}},"585":{"start":{"line":734,"column":4},"end":{"line":734,"column":21}},"586":{"start":{"line":736,"column":13},"end":{"line":781,"column":3}},"587":{"start":{"line":738,"column":8},"end":{"line":738,"column":27}},"588":{"start":{"line":739,"column":8},"end":{"line":739,"column":23}},"589":{"start":{"line":740,"column":8},"end":{"line":740,"column":22}},"590":{"start":{"line":741,"column":8},"end":{"line":741,"column":23}},"591":{"start":{"line":742,"column":8},"end":{"line":742,"column":23}},"592":{"start":{"line":744,"column":4},"end":{"line":751,"column":6}},"593":{"start":{"line":745,"column":8},"end":{"line":745,"column":23}},"594":{"start":{"line":746,"column":8},"end":{"line":746,"column":23}},"595":{"start":{"line":747,"column":8},"end":{"line":750,"column":32}},"596":{"start":{"line":748,"column":12},"end":{"line":748,"column":21}},"597":{"start":{"line":750,"column":12},"end":{"line":750,"column":32}},"598":{"start":{"line":752,"column":4},"end":{"line":755,"column":6}},"599":{"start":{"line":753,"column":8},"end":{"line":753,"column":31}},"600":{"start":{"line":754,"column":8},"end":{"line":754,"column":22}},"601":{"start":{"line":756,"column":4},"end":{"line":767,"column":6}},"602":{"start":{"line":757,"column":16},"end":{"line":757,"column":24}},"603":{"start":{"line":758,"column":8},"end":{"line":759,"column":19}},"604":{"start":{"line":759,"column":12},"end":{"line":759,"column":19}},"605":{"start":{"line":760,"column":16},"end":{"line":760,"column":28}},"606":{"start":{"line":761,"column":8},"end":{"line":766,"column":9}},"607":{"start":{"line":762,"column":12},"end":{"line":762,"column":20}},"608":{"start":{"line":763,"column":13},"end":{"line":766,"column":9}},"609":{"start":{"line":764,"column":12},"end":{"line":764,"column":20}},"610":{"start":{"line":765,"column":12},"end":{"line":765,"column":19}},"611":{"start":{"line":768,"column":4},"end":{"line":773,"column":6}},"612":{"start":{"line":769,"column":16},"end":{"line":769,"column":24}},"613":{"start":{"line":770,"column":8},"end":{"line":771,"column":19}},"614":{"start":{"line":771,"column":12},"end":{"line":771,"column":19}},"615":{"start":{"line":772,"column":8},"end":{"line":772,"column":18}},"616":{"start":{"line":774,"column":4},"end":{"line":779,"column":6}},"617":{"start":{"line":775,"column":16},"end":{"line":775,"column":24}},"618":{"start":{"line":776,"column":8},"end":{"line":777,"column":19}},"619":{"start":{"line":777,"column":12},"end":{"line":777,"column":19}},"620":{"start":{"line":778,"column":8},"end":{"line":778,"column":15}},"621":{"start":{"line":780,"column":4},"end":{"line":780,"column":16}},"622":{"start":{"line":782,"column":15},"end":{"line":1137,"column":3}},"623":{"start":{"line":784,"column":8},"end":{"line":784,"column":36}},"624":{"start":{"line":785,"column":8},"end":{"line":785,"column":23}},"625":{"start":{"line":786,"column":8},"end":{"line":786,"column":26}},"626":{"start":{"line":787,"column":8},"end":{"line":787,"column":22}},"627":{"start":{"line":788,"column":8},"end":{"line":788,"column":24}},"628":{"start":{"line":789,"column":8},"end":{"line":789,"column":26}},"629":{"start":{"line":790,"column":8},"end":{"line":790,"column":23}},"630":{"start":{"line":792,"column":4},"end":{"line":806,"column":6}},"631":{"start":{"line":793,"column":16},"end":{"line":793,"column":25}},"632":{"start":{"line":794,"column":16},"end":{"line":794,"column":24}},"633":{"start":{"line":795,"column":8},"end":{"line":796,"column":27}},"634":{"start":{"line":796,"column":12},"end":{"line":796,"column":27}},"635":{"start":{"line":797,"column":8},"end":{"line":805,"column":9}},"636":{"start":{"line":798,"column":12},"end":{"line":798,"column":23}},"637":{"start":{"line":799,"column":13},"end":{"line":805,"column":9}},"638":{"start":{"line":800,"column":12},"end":{"line":800,"column":19}},"639":{"start":{"line":802,"column":20},"end":{"line":802,"column":25}},"640":{"start":{"line":803,"column":12},"end":{"line":804,"column":27}},"641":{"start":{"line":804,"column":16},"end":{"line":804,"column":27}},"642":{"start":{"line":807,"column":4},"end":{"line":827,"column":6}},"643":{"start":{"line":808,"column":8},"end":{"line":809,"column":19}},"644":{"start":{"line":809,"column":12},"end":{"line":809,"column":19}},"645":{"start":{"line":810,"column":8},"end":{"line":810,"column":24}},"646":{"start":{"line":811,"column":16},"end":{"line":811,"column":25}},"647":{"start":{"line":812,"column":16},"end":{"line":812,"column":24}},"648":{"start":{"line":813,"column":8},"end":{"line":813,"column":18}},"649":{"start":{"line":814,"column":8},"end":{"line":815,"column":29}},"650":{"start":{"line":815,"column":12},"end":{"line":815,"column":29}},"651":{"start":{"line":816,"column":8},"end":{"line":824,"column":9}},"652":{"start":{"line":817,"column":12},"end":{"line":817,"column":25}},"653":{"start":{"line":818,"column":13},"end":{"line":824,"column":9}},"654":{"start":{"line":819,"column":12},"end":{"line":819,"column":19}},"655":{"start":{"line":821,"column":20},"end":{"line":821,"column":25}},"656":{"start":{"line":822,"column":12},"end":{"line":823,"column":29}},"657":{"start":{"line":823,"column":16},"end":{"line":823,"column":29}},"658":{"start":{"line":825,"column":8},"end":{"line":826,"column":28}},"659":{"start":{"line":826,"column":12},"end":{"line":826,"column":28}},"660":{"start":{"line":828,"column":4},"end":{"line":843,"column":6}},"661":{"start":{"line":829,"column":16},"end":{"line":829,"column":25}},"662":{"start":{"line":830,"column":16},"end":{"line":830,"column":24}},"663":{"start":{"line":831,"column":8},"end":{"line":831,"column":18}},"664":{"start":{"line":832,"column":8},"end":{"line":833,"column":26}},"665":{"start":{"line":833,"column":12},"end":{"line":833,"column":26}},"666":{"start":{"line":834,"column":8},"end":{"line":842,"column":9}},"667":{"start":{"line":835,"column":12},"end":{"line":835,"column":22}},"668":{"start":{"line":836,"column":13},"end":{"line":842,"column":9}},"669":{"start":{"line":837,"column":12},"end":{"line":837,"column":19}},"670":{"start":{"line":839,"column":20},"end":{"line":839,"column":25}},"671":{"start":{"line":840,"column":12},"end":{"line":841,"column":26}},"672":{"start":{"line":841,"column":16},"end":{"line":841,"column":26}},"673":{"start":{"line":844,"column":4},"end":{"line":851,"column":6}},"674":{"start":{"line":845,"column":8},"end":{"line":846,"column":19}},"675":{"start":{"line":846,"column":12},"end":{"line":846,"column":19}},"676":{"start":{"line":847,"column":8},"end":{"line":848,"column":31}},"677":{"start":{"line":848,"column":12},"end":{"line":848,"column":31}},"678":{"start":{"line":849,"column":8},"end":{"line":849,"column":23}},"679":{"start":{"line":850,"column":8},"end":{"line":850,"column":23}},"680":{"start":{"line":852,"column":4},"end":{"line":858,"column":6}},"681":{"start":{"line":855,"column":8},"end":{"line":855,"column":27}},"682":{"start":{"line":856,"column":8},"end":{"line":856,"column":23}},"683":{"start":{"line":857,"column":8},"end":{"line":857,"column":26}},"684":{"start":{"line":859,"column":4},"end":{"line":876,"column":6}},"685":{"start":{"line":860,"column":17},"end":{"line":860,"column":29}},"686":{"start":{"line":861,"column":8},"end":{"line":862,"column":31}},"687":{"start":{"line":862,"column":12},"end":{"line":862,"column":31}},"688":{"start":{"line":863,"column":16},"end":{"line":863,"column":25}},"689":{"start":{"line":864,"column":8},"end":{"line":864,"column":19}},"690":{"start":{"line":865,"column":8},"end":{"line":866,"column":19}},"691":{"start":{"line":866,"column":12},"end":{"line":866,"column":19}},"692":{"start":{"line":867,"column":8},"end":{"line":875,"column":9}},"693":{"start":{"line":868,"column":12},"end":{"line":868,"column":39}},"694":{"start":{"line":869,"column":12},"end":{"line":869,"column":30}},"695":{"start":{"line":872,"column":20},"end":{"line":872,"column":30}},"696":{"start":{"line":873,"column":12},"end":{"line":874,"column":31}},"697":{"start":{"line":874,"column":16},"end":{"line":874,"column":31}},"698":{"start":{"line":877,"column":4},"end":{"line":894,"column":6}},"699":{"start":{"line":878,"column":20},"end":{"line":878,"column":24}},"700":{"start":{"line":879,"column":17},"end":{"line":879,"column":29}},"701":{"start":{"line":880,"column":8},"end":{"line":881,"column":34}},"702":{"start":{"line":881,"column":12},"end":{"line":881,"column":34}},"703":{"start":{"line":882,"column":16},"end":{"line":882,"column":25}},"704":{"start":{"line":883,"column":16},"end":{"line":883,"column":29}},"705":{"start":{"line":884,"column":8},"end":{"line":893,"column":9}},"706":{"start":{"line":885,"column":12},"end":{"line":885,"column":27}},"707":{"start":{"line":886,"column":12},"end":{"line":892,"column":13}},"708":{"start":{"line":887,"column":16},"end":{"line":887,"column":31}},"709":{"start":{"line":888,"column":16},"end":{"line":888,"column":84}},"710":{"start":{"line":888,"column":56},"end":{"line":888,"column":80}},"711":{"start":{"line":890,"column":17},"end":{"line":892,"column":13}},"712":{"start":{"line":891,"column":16},"end":{"line":891,"column":36}},"713":{"start":{"line":899,"column":4},"end":{"line":902,"column":6}},"714":{"start":{"line":900,"column":8},"end":{"line":901,"column":39}},"715":{"start":{"line":901,"column":12},"end":{"line":901,"column":39}},"716":{"start":{"line":907,"column":4},"end":{"line":922,"column":6}},"717":{"start":{"line":908,"column":8},"end":{"line":921,"column":25}},"718":{"start":{"line":909,"column":12},"end":{"line":909,"column":24}},"719":{"start":{"line":910,"column":13},"end":{"line":921,"column":25}},"720":{"start":{"line":911,"column":12},"end":{"line":911,"column":24}},"721":{"start":{"line":912,"column":13},"end":{"line":921,"column":25}},"722":{"start":{"line":913,"column":12},"end":{"line":913,"column":60}},"723":{"start":{"line":914,"column":13},"end":{"line":921,"column":25}},"724":{"start":{"line":915,"column":12},"end":{"line":917,"column":33}},"725":{"start":{"line":916,"column":16},"end":{"line":917,"column":33}},"726":{"start":{"line":917,"column":20},"end":{"line":917,"column":33}},"727":{"start":{"line":918,"column":12},"end":{"line":918,"column":24}},"728":{"start":{"line":921,"column":12},"end":{"line":921,"column":25}},"729":{"start":{"line":923,"column":4},"end":{"line":925,"column":6}},"730":{"start":{"line":924,"column":8},"end":{"line":924,"column":68}},"731":{"start":{"line":927,"column":4},"end":{"line":932,"column":6}},"732":{"start":{"line":928,"column":8},"end":{"line":928,"column":44}},"733":{"start":{"line":929,"column":8},"end":{"line":929,"column":45}},"734":{"start":{"line":930,"column":8},"end":{"line":930,"column":48}},"735":{"start":{"line":931,"column":8},"end":{"line":931,"column":28}},"736":{"start":{"line":934,"column":4},"end":{"line":936,"column":6}},"737":{"start":{"line":935,"column":8},"end":{"line":935,"column":31}},"738":{"start":{"line":938,"column":4},"end":{"line":941,"column":6}},"739":{"start":{"line":939,"column":8},"end":{"line":939,"column":35}},"740":{"start":{"line":940,"column":8},"end":{"line":940,"column":45}},"741":{"start":{"line":943,"column":4},"end":{"line":945,"column":6}},"742":{"start":{"line":944,"column":8},"end":{"line":944,"column":20}},"743":{"start":{"line":947,"column":4},"end":{"line":955,"column":6}},"744":{"start":{"line":948,"column":8},"end":{"line":953,"column":9}},"745":{"start":{"line":949,"column":12},"end":{"line":951,"column":83}},"746":{"start":{"line":951,"column":16},"end":{"line":951,"column":83}},"747":{"start":{"line":952,"column":12},"end":{"line":952,"column":42}},"748":{"start":{"line":954,"column":8},"end":{"line":954,"column":36}},"749":{"start":{"line":957,"column":4},"end":{"line":961,"column":6}},"750":{"start":{"line":958,"column":8},"end":{"line":959,"column":42}},"751":{"start":{"line":959,"column":12},"end":{"line":959,"column":42}},"752":{"start":{"line":960,"column":8},"end":{"line":960,"column":42}},"753":{"start":{"line":963,"column":4},"end":{"line":965,"column":6}},"754":{"start":{"line":964,"column":8},"end":{"line":964,"column":57}},"755":{"start":{"line":967,"column":4},"end":{"line":972,"column":6}},"756":{"start":{"line":968,"column":8},"end":{"line":971,"column":11}},"757":{"start":{"line":969,"column":36},"end":{"line":969,"column":44}},"758":{"start":{"line":974,"column":4},"end":{"line":979,"column":6}},"759":{"start":{"line":975,"column":8},"end":{"line":978,"column":11}},"760":{"start":{"line":976,"column":36},"end":{"line":976,"column":49}},"761":{"start":{"line":981,"column":4},"end":{"line":989,"column":6}},"762":{"start":{"line":982,"column":8},"end":{"line":987,"column":43}},"763":{"start":{"line":983,"column":12},"end":{"line":983,"column":48}},"764":{"start":{"line":984,"column":13},"end":{"line":987,"column":43}},"765":{"start":{"line":985,"column":12},"end":{"line":985,"column":45}},"766":{"start":{"line":986,"column":13},"end":{"line":987,"column":43}},"767":{"start":{"line":987,"column":12},"end":{"line":987,"column":43}},"768":{"start":{"line":988,"column":8},"end":{"line":988,"column":96}},"769":{"start":{"line":991,"column":4},"end":{"line":997,"column":6}},"770":{"start":{"line":992,"column":20},"end":{"line":992,"column":22}},"771":{"start":{"line":993,"column":8},"end":{"line":995,"column":9}},"772":{"start":{"line":994,"column":12},"end":{"line":994,"column":38}},"773":{"start":{"line":996,"column":8},"end":{"line":996,"column":39}},"774":{"start":{"line":999,"column":4},"end":{"line":1001,"column":6}},"775":{"start":{"line":1000,"column":8},"end":{"line":1000,"column":48}},"776":{"start":{"line":1003,"column":4},"end":{"line":1005,"column":6}},"777":{"start":{"line":1004,"column":8},"end":{"line":1004,"column":52}},"778":{"start":{"line":1007,"column":4},"end":{"line":1012,"column":6}},"779":{"start":{"line":1008,"column":8},"end":{"line":1009,"column":23}},"780":{"start":{"line":1009,"column":12},"end":{"line":1009,"column":23}},"781":{"start":{"line":1010,"column":16},"end":{"line":1010,"column":113}},"782":{"start":{"line":1011,"column":8},"end":{"line":1011,"column":49}},"783":{"start":{"line":1014,"column":4},"end":{"line":1016,"column":6}},"784":{"start":{"line":1015,"column":8},"end":{"line":1015,"column":48}},"785":{"start":{"line":1017,"column":4},"end":{"line":1019,"column":6}},"786":{"start":{"line":1018,"column":8},"end":{"line":1018,"column":59}},"787":{"start":{"line":1021,"column":4},"end":{"line":1023,"column":6}},"788":{"start":{"line":1022,"column":8},"end":{"line":1022,"column":34}},"789":{"start":{"line":1025,"column":4},"end":{"line":1030,"column":6}},"790":{"start":{"line":1026,"column":16},"end":{"line":1026,"column":64}},"791":{"start":{"line":1026,"column":39},"end":{"line":1026,"column":61}},"792":{"start":{"line":1027,"column":17},"end":{"line":1027,"column":24}},"793":{"start":{"line":1028,"column":8},"end":{"line":1028,"column":26}},"794":{"start":{"line":1029,"column":8},"end":{"line":1029,"column":17}},"795":{"start":{"line":1032,"column":4},"end":{"line":1037,"column":6}},"796":{"start":{"line":1033,"column":16},"end":{"line":1033,"column":26}},"797":{"start":{"line":1034,"column":8},"end":{"line":1035,"column":67}},"798":{"start":{"line":1035,"column":12},"end":{"line":1035,"column":67}},"799":{"start":{"line":1036,"column":8},"end":{"line":1036,"column":52}},"800":{"start":{"line":1039,"column":4},"end":{"line":1041,"column":6}},"801":{"start":{"line":1040,"column":8},"end":{"line":1040,"column":57}},"802":{"start":{"line":1043,"column":4},"end":{"line":1045,"column":6}},"803":{"start":{"line":1044,"column":8},"end":{"line":1044,"column":50}},"804":{"start":{"line":1047,"column":4},"end":{"line":1049,"column":6}},"805":{"start":{"line":1048,"column":8},"end":{"line":1048,"column":42}},"806":{"start":{"line":1051,"column":4},"end":{"line":1053,"column":6}},"807":{"start":{"line":1052,"column":8},"end":{"line":1052,"column":62}},"808":{"start":{"line":1055,"column":4},"end":{"line":1057,"column":6}},"809":{"start":{"line":1056,"column":8},"end":{"line":1056,"column":59}},"810":{"start":{"line":1059,"column":4},"end":{"line":1061,"column":6}},"811":{"start":{"line":1060,"column":8},"end":{"line":1060,"column":66}},"812":{"start":{"line":1063,"column":4},"end":{"line":1065,"column":6}},"813":{"start":{"line":1064,"column":8},"end":{"line":1064,"column":66}},"814":{"start":{"line":1067,"column":4},"end":{"line":1070,"column":6}},"815":{"start":{"line":1068,"column":16},"end":{"line":1068,"column":26}},"816":{"start":{"line":1069,"column":8},"end":{"line":1069,"column":45}},"817":{"start":{"line":1072,"column":4},"end":{"line":1074,"column":6}},"818":{"start":{"line":1073,"column":8},"end":{"line":1073,"column":30}},"819":{"start":{"line":1076,"column":4},"end":{"line":1078,"column":6}},"820":{"start":{"line":1077,"column":8},"end":{"line":1077,"column":52}},"821":{"start":{"line":1080,"column":4},"end":{"line":1082,"column":6}},"822":{"start":{"line":1081,"column":8},"end":{"line":1081,"column":62}},"823":{"start":{"line":1084,"column":4},"end":{"line":1093,"column":6}},"824":{"start":{"line":1085,"column":8},"end":{"line":1088,"column":57}},"825":{"start":{"line":1086,"column":12},"end":{"line":1088,"column":57}},"826":{"start":{"line":1089,"column":8},"end":{"line":1089,"column":30}},"827":{"start":{"line":1090,"column":8},"end":{"line":1091,"column":32}},"828":{"start":{"line":1091,"column":12},"end":{"line":1091,"column":32}},"829":{"start":{"line":1092,"column":8},"end":{"line":1092,"column":23}},"830":{"start":{"line":1095,"column":4},"end":{"line":1097,"column":6}},"831":{"start":{"line":1096,"column":8},"end":{"line":1096,"column":23}},"832":{"start":{"line":1099,"column":4},"end":{"line":1101,"column":6}},"833":{"start":{"line":1100,"column":8},"end":{"line":1100,"column":23}},"834":{"start":{"line":1103,"column":4},"end":{"line":1105,"column":6}},"835":{"start":{"line":1104,"column":8},"end":{"line":1104,"column":18}},"836":{"start":{"line":1107,"column":4},"end":{"line":1119,"column":6}},"837":{"start":{"line":1108,"column":8},"end":{"line":1118,"column":9}},"838":{"start":{"line":1109,"column":12},"end":{"line":1109,"column":28}},"839":{"start":{"line":1110,"column":12},"end":{"line":1110,"column":26}},"840":{"start":{"line":1113,"column":12},"end":{"line":1113,"column":27}},"841":{"start":{"line":1114,"column":12},"end":{"line":1114,"column":48}},"842":{"start":{"line":1115,"column":12},"end":{"line":1115,"column":49}},"843":{"start":{"line":1116,"column":12},"end":{"line":1116,"column":52}},"844":{"start":{"line":1117,"column":12},"end":{"line":1117,"column":32}},"845":{"start":{"line":1121,"column":4},"end":{"line":1127,"column":6}},"846":{"start":{"line":1122,"column":22},"end":{"line":1122,"column":24}},"847":{"start":{"line":1123,"column":8},"end":{"line":1125,"column":9}},"848":{"start":{"line":1124,"column":12},"end":{"line":1124,"column":40}},"849":{"start":{"line":1126,"column":8},"end":{"line":1126,"column":46}},"850":{"start":{"line":1129,"column":4},"end":{"line":1135,"column":6}},"851":{"start":{"line":1130,"column":22},"end":{"line":1130,"column":24}},"852":{"start":{"line":1131,"column":8},"end":{"line":1133,"column":9}},"853":{"start":{"line":1132,"column":12},"end":{"line":1132,"column":40}},"854":{"start":{"line":1134,"column":8},"end":{"line":1134,"column":48}},"855":{"start":{"line":1136,"column":4},"end":{"line":1136,"column":18}},"856":{"start":{"line":1138,"column":0},"end":{"line":1138,"column":24}},"857":{"start":{"line":1139,"column":21},"end":{"line":1206,"column":9}},"858":{"start":{"line":1140,"column":4},"end":{"line":1140,"column":36}},"859":{"start":{"line":1142,"column":20},"end":{"line":1142,"column":55}},"860":{"start":{"line":1143,"column":8},"end":{"line":1143,"column":27}},"861":{"start":{"line":1144,"column":8},"end":{"line":1144,"column":21}},"862":{"start":{"line":1146,"column":4},"end":{"line":1150,"column":6}},"863":{"start":{"line":1147,"column":8},"end":{"line":1147,"column":20}},"864":{"start":{"line":1148,"column":8},"end":{"line":1148,"column":25}},"865":{"start":{"line":1149,"column":8},"end":{"line":1149,"column":42}},"866":{"start":{"line":1151,"column":4},"end":{"line":1175,"column":6}},"867":{"start":{"line":1152,"column":17},"end":{"line":1152,"column":29}},"868":{"start":{"line":1153,"column":8},"end":{"line":1154,"column":31}},"869":{"start":{"line":1154,"column":12},"end":{"line":1154,"column":31}},"870":{"start":{"line":1155,"column":16},"end":{"line":1155,"column":25}},"871":{"start":{"line":1156,"column":8},"end":{"line":1156,"column":19}},"872":{"start":{"line":1157,"column":8},"end":{"line":1161,"column":9}},"873":{"start":{"line":1158,"column":12},"end":{"line":1159,"column":31}},"874":{"start":{"line":1159,"column":16},"end":{"line":1159,"column":31}},"875":{"start":{"line":1160,"column":12},"end":{"line":1160,"column":19}},"876":{"start":{"line":1162,"column":8},"end":{"line":1174,"column":9}},"877":{"start":{"line":1163,"column":12},"end":{"line":1164,"column":31}},"878":{"start":{"line":1164,"column":16},"end":{"line":1164,"column":31}},"879":{"start":{"line":1165,"column":12},"end":{"line":1165,"column":39}},"880":{"start":{"line":1166,"column":12},"end":{"line":1166,"column":30}},"881":{"start":{"line":1168,"column":13},"end":{"line":1174,"column":9}},"882":{"start":{"line":1169,"column":12},"end":{"line":1169,"column":27}},"883":{"start":{"line":1171,"column":20},"end":{"line":1171,"column":30}},"884":{"start":{"line":1172,"column":12},"end":{"line":1173,"column":31}},"885":{"start":{"line":1173,"column":16},"end":{"line":1173,"column":31}},"886":{"start":{"line":1176,"column":4},"end":{"line":1179,"column":6}},"887":{"start":{"line":1177,"column":8},"end":{"line":1177,"column":26}},"888":{"start":{"line":1178,"column":8},"end":{"line":1178,"column":45}},"889":{"start":{"line":1180,"column":4},"end":{"line":1183,"column":6}},"890":{"start":{"line":1181,"column":8},"end":{"line":1181,"column":26}},"891":{"start":{"line":1182,"column":8},"end":{"line":1182,"column":39}},"892":{"start":{"line":1184,"column":4},"end":{"line":1186,"column":6}},"893":{"start":{"line":1185,"column":8},"end":{"line":1185,"column":34}},"894":{"start":{"line":1187,"column":4},"end":{"line":1189,"column":6}},"895":{"start":{"line":1188,"column":8},"end":{"line":1188,"column":65}},"896":{"start":{"line":1190,"column":4},"end":{"line":1192,"column":6}},"897":{"start":{"line":1191,"column":8},"end":{"line":1191,"column":56}},"898":{"start":{"line":1193,"column":4},"end":{"line":1195,"column":6}},"899":{"start":{"line":1194,"column":8},"end":{"line":1194,"column":58}},"900":{"start":{"line":1196,"column":4},"end":{"line":1198,"column":6}},"901":{"start":{"line":1197,"column":8},"end":{"line":1197,"column":65}},"902":{"start":{"line":1199,"column":4},"end":{"line":1201,"column":6}},"903":{"start":{"line":1200,"column":8},"end":{"line":1200,"column":20}},"904":{"start":{"line":1202,"column":4},"end":{"line":1204,"column":6}},"905":{"start":{"line":1203,"column":8},"end":{"line":1203,"column":61}},"906":{"start":{"line":1205,"column":4},"end":{"line":1205,"column":24}},"907":{"start":{"line":1207,"column":0},"end":{"line":1207,"column":36}},"908":{"start":{"line":1208,"column":9},"end":{"line":1208,"column":15}},"909":{"start":{"line":1209,"column":0},"end":{"line":1209,"column":21}},"910":{"start":{"line":1212,"column":0},"end":{"line":1242,"column":135}},"911":{"start":{"line":1215,"column":0},"end":{"line":1217,"column":3}},"912":{"start":{"line":1219,"column":16},"end":{"line":1219,"column":40}},"913":{"start":{"line":1221,"column":17},"end":{"line":1221,"column":50}},"914":{"start":{"line":1223,"column":39},"end":{"line":1223,"column":95}},"915":{"start":{"line":1228,"column":0},"end":{"line":1238,"column":1}},"916":{"start":{"line":1229,"column":2},"end":{"line":1229,"column":14}},"917":{"start":{"line":1230,"column":7},"end":{"line":1238,"column":1}},"918":{"start":{"line":1231,"column":2},"end":{"line":1231,"column":16}},"919":{"start":{"line":1232,"column":7},"end":{"line":1238,"column":1}},"920":{"start":{"line":1233,"column":2},"end":{"line":1233,"column":16}},"921":{"start":{"line":1234,"column":7},"end":{"line":1238,"column":1}},"922":{"start":{"line":1235,"column":2},"end":{"line":1235,"column":16}},"923":{"start":{"line":1237,"column":2},"end":{"line":1237,"column":35}},"924":{"start":{"line":1240,"column":13},"end":{"line":1240,"column":45}},"925":{"start":{"line":1241,"column":0},"end":{"line":1241,"column":28}},"926":{"start":{"line":1246,"column":0},"end":{"line":1248,"column":3}},"927":{"start":{"line":1249,"column":0},"end":{"line":1249,"column":46}},"928":{"start":{"line":1252,"column":15},"end":{"line":1252,"column":26}},"929":{"start":{"line":1254,"column":1},"end":{"line":1263,"column":2}},"930":{"start":{"line":1255,"column":2},"end":{"line":1260,"column":3}},"931":{"start":{"line":1256,"column":3},"end":{"line":1256,"column":31}},"932":{"start":{"line":1258,"column":3},"end":{"line":1258,"column":34}},"933":{"start":{"line":1259,"column":3},"end":{"line":1259,"column":31}},"934":{"start":{"line":1262,"column":2},"end":{"line":1262,"column":26}},"935":{"start":{"line":1265,"column":1},"end":{"line":1265,"column":15}}},"fnMap":{"0":{"name":"(anonymous_0)","decl":{"start":{"line":1,"column":1},"end":{"line":1,"column":2}},"loc":{"start":{"line":1,"column":12},"end":{"line":1,"column":321}},"line":1},"1":{"name":"(anonymous_1)","decl":{"start":{"line":1,"column":323},"end":{"line":1,"column":324}},"loc":{"start":{"line":1,"column":333},"end":{"line":1268,"column":1}},"line":1},"2":{"name":"(anonymous_2)","decl":{"start":{"line":1,"column":368},"end":{"line":1,"column":369}},"loc":{"start":{"line":1,"column":378},"end":{"line":1,"column":823}},"line":1},"3":{"name":"r","decl":{"start":{"line":1,"column":388},"end":{"line":1,"column":389}},"loc":{"start":{"line":1,"column":396},"end":{"line":1,"column":814}},"line":1},"4":{"name":"o","decl":{"start":{"line":1,"column":406},"end":{"line":1,"column":407}},"loc":{"start":{"line":1,"column":412},"end":{"line":1,"column":732}},"line":1},"5":{"name":"(anonymous_5)","decl":{"start":{"line":1,"column":646},"end":{"line":1,"column":647}},"loc":{"start":{"line":1,"column":657},"end":{"line":1,"column":690}},"line":1},"6":{"name":"(anonymous_6)","decl":{"start":{"line":1,"column":831},"end":{"line":1,"column":832}},"loc":{"start":{"line":1,"column":863},"end":{"line":1211,"column":1}},"line":1},"7":{"name":"(anonymous_7)","decl":{"start":{"line":3,"column":45},"end":{"line":3,"column":46}},"loc":{"start":{"line":3,"column":57},"end":{"line":12,"column":1}},"line":3},"8":{"name":"(anonymous_8)","decl":{"start":{"line":5,"column":47},"end":{"line":5,"column":48}},"loc":{"start":{"line":5,"column":63},"end":{"line":5,"column":83}},"line":5},"9":{"name":"(anonymous_9)","decl":{"start":{"line":6,"column":8},"end":{"line":6,"column":9}},"loc":{"start":{"line":6,"column":24},"end":{"line":6,"column":82}},"line":6},"10":{"name":"(anonymous_10)","decl":{"start":{"line":7,"column":11},"end":{"line":7,"column":12}},"loc":{"start":{"line":7,"column":27},"end":{"line":11,"column":5}},"line":7},"11":{"name":"__","decl":{"start":{"line":9,"column":17},"end":{"line":9,"column":19}},"loc":{"start":{"line":9,"column":22},"end":{"line":9,"column":47}},"line":9},"12":{"name":"noop","decl":{"start":{"line":17,"column":9},"end":{"line":17,"column":13}},"loc":{"start":{"line":17,"column":16},"end":{"line":17,"column":19}},"line":17},"13":{"name":"cp","decl":{"start":{"line":18,"column":9},"end":{"line":18,"column":11}},"loc":{"start":{"line":18,"column":15},"end":{"line":24,"column":1}},"line":18},"14":{"name":"and","decl":{"start":{"line":25,"column":9},"end":{"line":25,"column":12}},"loc":{"start":{"line":25,"column":21},"end":{"line":29,"column":1}},"line":25},"15":{"name":"andFn","decl":{"start":{"line":26,"column":20},"end":{"line":26,"column":25}},"loc":{"start":{"line":26,"column":29},"end":{"line":28,"column":5}},"line":26},"16":{"name":"_try","decl":{"start":{"line":30,"column":9},"end":{"line":30,"column":13}},"loc":{"start":{"line":30,"column":23},"end":{"line":38,"column":1}},"line":30},"17":{"name":"internalizeProducer","decl":{"start":{"line":46,"column":9},"end":{"line":46,"column":28}},"loc":{"start":{"line":46,"column":39},"end":{"line":54,"column":1}},"line":46},"18":{"name":"_start","decl":{"start":{"line":47,"column":31},"end":{"line":47,"column":37}},"loc":{"start":{"line":47,"column":42},"end":{"line":52,"column":5}},"line":47},"19":{"name":"(anonymous_19)","decl":{"start":{"line":55,"column":18},"end":{"line":55,"column":19}},"loc":{"start":{"line":55,"column":30},"end":{"line":64,"column":1}},"line":55},"20":{"name":"StreamSub","decl":{"start":{"line":56,"column":13},"end":{"line":56,"column":22}},"loc":{"start":{"line":56,"column":43},"end":{"line":59,"column":5}},"line":56},"21":{"name":"(anonymous_21)","decl":{"start":{"line":60,"column":38},"end":{"line":60,"column":39}},"loc":{"start":{"line":60,"column":50},"end":{"line":62,"column":5}},"line":60},"22":{"name":"(anonymous_22)","decl":{"start":{"line":65,"column":17},"end":{"line":65,"column":18}},"loc":{"start":{"line":65,"column":29},"end":{"line":79,"column":1}},"line":65},"23":{"name":"Observer","decl":{"start":{"line":66,"column":13},"end":{"line":66,"column":21}},"loc":{"start":{"line":66,"column":33},"end":{"line":68,"column":5}},"line":66},"24":{"name":"(anonymous_24)","decl":{"start":{"line":69,"column":30},"end":{"line":69,"column":31}},"loc":{"start":{"line":69,"column":47},"end":{"line":71,"column":5}},"line":69},"25":{"name":"(anonymous_25)","decl":{"start":{"line":72,"column":31},"end":{"line":72,"column":32}},"loc":{"start":{"line":72,"column":46},"end":{"line":74,"column":5}},"line":72},"26":{"name":"(anonymous_26)","decl":{"start":{"line":75,"column":34},"end":{"line":75,"column":35}},"loc":{"start":{"line":75,"column":46},"end":{"line":77,"column":5}},"line":75},"27":{"name":"(anonymous_27)","decl":{"start":{"line":80,"column":23},"end":{"line":80,"column":24}},"loc":{"start":{"line":80,"column":35},"end":{"line":99,"column":1}},"line":80},"28":{"name":"FromObservable","decl":{"start":{"line":81,"column":13},"end":{"line":81,"column":27}},"loc":{"start":{"line":81,"column":40},"end":{"line":85,"column":5}},"line":81},"29":{"name":"(anonymous_29)","decl":{"start":{"line":86,"column":38},"end":{"line":86,"column":39}},"loc":{"start":{"line":86,"column":53},"end":{"line":92,"column":5}},"line":86},"30":{"name":"(anonymous_30)","decl":{"start":{"line":93,"column":37},"end":{"line":93,"column":38}},"loc":{"start":{"line":93,"column":49},"end":{"line":97,"column":5}},"line":93},"31":{"name":"(anonymous_31)","decl":{"start":{"line":100,"column":14},"end":{"line":100,"column":15}},"loc":{"start":{"line":100,"column":26},"end":{"line":143,"column":1}},"line":100},"32":{"name":"Merge","decl":{"start":{"line":101,"column":13},"end":{"line":101,"column":18}},"loc":{"start":{"line":101,"column":27},"end":{"line":106,"column":5}},"line":101},"33":{"name":"(anonymous_33)","decl":{"start":{"line":107,"column":29},"end":{"line":107,"column":30}},"loc":{"start":{"line":107,"column":44},"end":{"line":114,"column":5}},"line":107},"34":{"name":"(anonymous_34)","decl":{"start":{"line":115,"column":28},"end":{"line":115,"column":29}},"loc":{"start":{"line":115,"column":40},"end":{"line":121,"column":5}},"line":115},"35":{"name":"(anonymous_35)","decl":{"start":{"line":122,"column":25},"end":{"line":122,"column":26}},"loc":{"start":{"line":122,"column":38},"end":{"line":127,"column":5}},"line":122},"36":{"name":"(anonymous_36)","decl":{"start":{"line":128,"column":25},"end":{"line":128,"column":26}},"loc":{"start":{"line":128,"column":40},"end":{"line":133,"column":5}},"line":128},"37":{"name":"(anonymous_37)","decl":{"start":{"line":134,"column":25},"end":{"line":134,"column":26}},"loc":{"start":{"line":134,"column":37},"end":{"line":141,"column":5}},"line":134},"38":{"name":"(anonymous_38)","decl":{"start":{"line":144,"column":24},"end":{"line":144,"column":25}},"loc":{"start":{"line":144,"column":36},"end":{"line":178,"column":1}},"line":144},"39":{"name":"CombineListener","decl":{"start":{"line":145,"column":13},"end":{"line":145,"column":28}},"loc":{"start":{"line":145,"column":40},"end":{"line":150,"column":5}},"line":145},"40":{"name":"(anonymous_40)","decl":{"start":{"line":151,"column":35},"end":{"line":151,"column":36}},"loc":{"start":{"line":151,"column":48},"end":{"line":163,"column":5}},"line":151},"41":{"name":"(anonymous_41)","decl":{"start":{"line":164,"column":35},"end":{"line":164,"column":36}},"loc":{"start":{"line":164,"column":50},"end":{"line":169,"column":5}},"line":164},"42":{"name":"(anonymous_42)","decl":{"start":{"line":170,"column":35},"end":{"line":170,"column":36}},"loc":{"start":{"line":170,"column":47},"end":{"line":176,"column":5}},"line":170},"43":{"name":"(anonymous_43)","decl":{"start":{"line":179,"column":16},"end":{"line":179,"column":17}},"loc":{"start":{"line":179,"column":28},"end":{"line":221,"column":1}},"line":179},"44":{"name":"Combine","decl":{"start":{"line":180,"column":13},"end":{"line":180,"column":20}},"loc":{"start":{"line":180,"column":29},"end":{"line":187,"column":5}},"line":180},"45":{"name":"(anonymous_45)","decl":{"start":{"line":188,"column":27},"end":{"line":188,"column":28}},"loc":{"start":{"line":188,"column":43},"end":{"line":193,"column":5}},"line":188},"46":{"name":"(anonymous_46)","decl":{"start":{"line":194,"column":31},"end":{"line":194,"column":32}},"loc":{"start":{"line":194,"column":46},"end":{"line":209,"column":5}},"line":194},"47":{"name":"(anonymous_47)","decl":{"start":{"line":210,"column":30},"end":{"line":210,"column":31}},"loc":{"start":{"line":210,"column":42},"end":{"line":219,"column":5}},"line":210},"48":{"name":"(anonymous_48)","decl":{"start":{"line":222,"column":18},"end":{"line":222,"column":19}},"loc":{"start":{"line":222,"column":30},"end":{"line":236,"column":1}},"line":222},"49":{"name":"FromArray","decl":{"start":{"line":223,"column":13},"end":{"line":223,"column":22}},"loc":{"start":{"line":223,"column":26},"end":{"line":226,"column":5}},"line":223},"50":{"name":"(anonymous_50)","decl":{"start":{"line":227,"column":33},"end":{"line":227,"column":34}},"loc":{"start":{"line":227,"column":48},"end":{"line":232,"column":5}},"line":227},"51":{"name":"(anonymous_51)","decl":{"start":{"line":233,"column":32},"end":{"line":233,"column":33}},"loc":{"start":{"line":233,"column":44},"end":{"line":234,"column":5}},"line":233},"52":{"name":"(anonymous_52)","decl":{"start":{"line":237,"column":20},"end":{"line":237,"column":21}},"loc":{"start":{"line":237,"column":32},"end":{"line":261,"column":1}},"line":237},"53":{"name":"FromPromise","decl":{"start":{"line":238,"column":13},"end":{"line":238,"column":24}},"loc":{"start":{"line":238,"column":28},"end":{"line":242,"column":5}},"line":238},"54":{"name":"(anonymous_54)","decl":{"start":{"line":243,"column":35},"end":{"line":243,"column":36}},"loc":{"start":{"line":243,"column":50},"end":{"line":256,"column":5}},"line":243},"55":{"name":"(anonymous_55)","decl":{"start":{"line":246,"column":20},"end":{"line":246,"column":21}},"loc":{"start":{"line":246,"column":33},"end":{"line":251,"column":9}},"line":246},"56":{"name":"(anonymous_56)","decl":{"start":{"line":251,"column":11},"end":{"line":251,"column":12}},"loc":{"start":{"line":251,"column":24},"end":{"line":253,"column":9}},"line":251},"57":{"name":"(anonymous_57)","decl":{"start":{"line":253,"column":22},"end":{"line":253,"column":23}},"loc":{"start":{"line":253,"column":37},"end":{"line":255,"column":9}},"line":253},"58":{"name":"(anonymous_58)","decl":{"start":{"line":254,"column":23},"end":{"line":254,"column":24}},"loc":{"start":{"line":254,"column":35},"end":{"line":254,"column":49}},"line":254},"59":{"name":"(anonymous_59)","decl":{"start":{"line":257,"column":34},"end":{"line":257,"column":35}},"loc":{"start":{"line":257,"column":46},"end":{"line":259,"column":5}},"line":257},"60":{"name":"(anonymous_60)","decl":{"start":{"line":262,"column":17},"end":{"line":262,"column":18}},"loc":{"start":{"line":262,"column":29},"end":{"line":281,"column":1}},"line":262},"61":{"name":"Periodic","decl":{"start":{"line":263,"column":13},"end":{"line":263,"column":21}},"loc":{"start":{"line":263,"column":30},"end":{"line":268,"column":5}},"line":263},"62":{"name":"(anonymous_62)","decl":{"start":{"line":269,"column":32},"end":{"line":269,"column":33}},"loc":{"start":{"line":269,"column":47},"end":{"line":273,"column":5}},"line":269},"63":{"name":"intervalHandler","decl":{"start":{"line":271,"column":17},"end":{"line":271,"column":32}},"loc":{"start":{"line":271,"column":35},"end":{"line":271,"column":56}},"line":271},"64":{"name":"(anonymous_64)","decl":{"start":{"line":274,"column":31},"end":{"line":274,"column":32}},"loc":{"start":{"line":274,"column":43},"end":{"line":279,"column":5}},"line":274},"65":{"name":"(anonymous_65)","decl":{"start":{"line":282,"column":14},"end":{"line":282,"column":15}},"loc":{"start":{"line":282,"column":26},"end":{"line":334,"column":1}},"line":282},"66":{"name":"Debug","decl":{"start":{"line":283,"column":13},"end":{"line":283,"column":18}},"loc":{"start":{"line":283,"column":29},"end":{"line":293,"column":5}},"line":283},"67":{"name":"(anonymous_67)","decl":{"start":{"line":294,"column":29},"end":{"line":294,"column":30}},"loc":{"start":{"line":294,"column":44},"end":{"line":297,"column":5}},"line":294},"68":{"name":"(anonymous_68)","decl":{"start":{"line":298,"column":28},"end":{"line":298,"column":29}},"loc":{"start":{"line":298,"column":40},"end":{"line":301,"column":5}},"line":298},"69":{"name":"(anonymous_69)","decl":{"start":{"line":302,"column":25},"end":{"line":302,"column":26}},"loc":{"start":{"line":302,"column":38},"end":{"line":320,"column":5}},"line":302},"70":{"name":"(anonymous_70)","decl":{"start":{"line":321,"column":25},"end":{"line":321,"column":26}},"loc":{"start":{"line":321,"column":40},"end":{"line":326,"column":5}},"line":321},"71":{"name":"(anonymous_71)","decl":{"start":{"line":327,"column":25},"end":{"line":327,"column":26}},"loc":{"start":{"line":327,"column":37},"end":{"line":332,"column":5}},"line":327},"72":{"name":"(anonymous_72)","decl":{"start":{"line":335,"column":13},"end":{"line":335,"column":14}},"loc":{"start":{"line":335,"column":25},"end":{"line":372,"column":1}},"line":335},"73":{"name":"Drop","decl":
[...]
0,"405":0,"406":0,"407":0,"408":0,"409":0,"410":0,"411":0,"412":0,"413":0,"414":0,"415":0,"416":0,"417":0,"418":0,"419":0,"420":0,"421":0,"422":0,"423":0,"424":0,"425":0,"426":0,"427":0,"428":0,"429":0,"430":0,"431":0,"432":0,"433":0,"434":0,"435":0,"436":0,"437":0,"438":0,"439":0,"440":0,"441":0,"442":0,"443":0,"444":0,"445":0,"446":0,"447":0,"448":0,"449":0,"450":0,"451":0,"452":0,"453":0,"454":0,"455":0,"456":0,"457":0,"458":0,"459":0,"460":0,"461":0,"462":0,"463":0,"464":0,"465":0,"466":0,"467":0,"468":0,"469":0,"470":0,"471":0,"472":0,"473":0,"474":0,"475":0,"476":0,"477":0,"478":0,"479":0,"480":0,"481":0,"482":0,"483":0,"484":0,"485":0,"486":0,"487":0,"488":0,"489":0,"490":0,"491":0,"492":0,"493":0,"494":0,"495":0,"496":0,"497":0,"498":0,"499":0,"500":0,"501":0,"502":0,"503":0,"504":0,"505":0,"506":0,"507":0,"508":0,"509":0,"510":0,"511":0,"512":0,"513":0,"514":0,"515":0,"516":0,"517":0,"518":0,"519":0,"520":0,"521":0,"522":0,"523":0,"524":0,"525":0,"526":0,"527":0,"528":0,"529":0,"530":0,"531":0,"532":0,"533":0,"534":0,"535":0,"536":0,"537":0,"538":0,"539":0,"540":0,"541":0,"542":0,"543":0,"544":0,"545":0,"546":0,"547":0,"548":0,"549":0,"550":0,"551":0,"552":0,"553":0,"554":0,"555":0,"556":0,"557":0,"558":0,"559":0,"560":0,"561":0,"562":0,"563":0,"564":0,"565":0,"566":0,"567":0,"568":0,"569":0,"570":0,"571":0,"572":0,"573":0,"574":0,"575":0,"576":0,"577":0,"578":0,"579":0,"580":0,"581":0,"582":0,"583":0,"584":0,"585":0,"586":0,"587":0,"588":0,"589":0,"590":0,"591":0,"592":0,"593":0,"594":0,"595":0,"596":0,"597":0,"598":0,"599":0,"600":0,"601":0,"602":0,"603":0,"604":0,"605":0,"606":0,"607":0,"608":0,"609":0,"610":0,"611":0,"612":0,"613":0,"614":0,"615":0,"616":0,"617":0,"618":0,"619":0,"620":0,"621":0,"622":0,"623":0,"624":0,"625":0,"626":0,"627":0,"628":0,"629":0,"630":0,"631":0,"632":0,"633":0,"634":0,"635":0,"636":0,"637":0,"638":0,"639":0,"640":0,"641":0,"642":0,"643":0,"644":0,"645":0,"646":0,"647":0,"648":0,"649":0,"650":0,"651":0,"652":0,"653":0,"654":0,"655":0,"656":0,"657":0,"658":0,"659":0,"660":0,"661":0,"662":0,"663":0,"664":0,"665":0,"666":0,"667":0,"668":0,"669":0,"670":0,"671":0,"672":0,"673":0,"674":0,"675":0,"676":0,"677":0,"678":0,"679":0,"680":0,"681":0,"682":0,"683":0,"684":0,"685":0,"686":0,"687":0,"688":0,"689":0,"690":0,"691":0,"692":0,"693":0,"694":0,"695":0,"696":0,"697":0,"698":0,"699":0,"700":0,"701":0,"702":0,"703":0,"704":0,"705":0,"706":0,"707":0,"708":0,"709":0,"710":0,"711":0,"712":0,"713":0,"714":0,"715":0,"716":0,"717":0,"718":0,"719":0,"720":0,"721":0,"722":0,"723":0,"724":0,"725":0,"726":0,"727":0,"728":0,"729":0,"730":0,"731":0,"732":0,"733":0,"734":0,"735":0,"736":0,"737":0,"738":0,"739":0,"740":0,"741":0,"742":0,"743":0,"744":0,"745":0,"746":0,"747":0,"748":0,"749":0,"750":0,"751":0,"752":0,"753":0,"754":0,"755":0,"756":0,"757":0,"758":0,"759":0,"760":0,"761":0,"762":0,"763":0,"764":0,"765":0,"766":0,"767":0,"768":0,"769":0,"770":0,"771":0,"772":0,"773":0,"774":0,"775":0,"776":0,"777":0,"778":0,"779":0,"780":0,"781":0,"782":0,"783":0,"784":0,"785":0,"786":0,"787":0,"788":0,"789":0,"790":0,"791":0,"792":0,"793":0,"794":0,"795":0,"796":0,"797":0,"798":0,"799":0,"800":0,"801":0,"802":0,"803":0,"804":0,"805":0,"806":0,"807":0,"808":0,"809":0,"810":0,"811":0,"812":0,"813":0,"814":0,"815":0,"816":0,"817":0,"818":0,"819":0,"820":0,"821":0,"822":0,"823":0,"824":0,"825":0,"826":0,"827":0,"828":0,"829":0,"830":0,"831":0,"832":0,"833":0,"834":0,"835":0,"836":0,"837":0,"838":0,"839":0,"840":0,"841":0,"842":0,"843":0,"844":0,"845":0,"846":0,"847":0,"848":0,"849":0,"850":0,"851":0,"852":0,"853":0,"854":0,"855":0,"856":0,"857":0,"858":0,"859":0,"860":0,"861":0,"862":0,"863":0,"864":0,"865":0,"866":0,"867":0,"868":0,"869":0,"870":0,"871":0,"872":0,"873":0,"874":0,"875":0,"876":0,"877":0},"f":{"0":0,"1":0,"2":0,"3":0,"4":0,"5":0,"6":0,"7":0,"8":0,"9":0,"10":0,"11":0,"12":0,"13":0,"14":0,"15":0,"16":0,"17":0,"18":0,"19":0,"20":0,"21":0,"22":0,"23":0,"24":0,"25":0,"26":0,"27":0,"28":0,"29":0,"30":0,"31":0,"32":0,"33":0,"34":0,"35":0,"36":0,"37":0,"38":0,"39":0,"40":0,"41":0,"42":0,"43":0,"44":0,"45":0,"46":0,"47":0,"48":0,"49":0,"50":0,"51":0,"52":0,"53":0,"54":0,"55":0,"56":0,"57":0,"58":0,"59":0,"60":0,"61":0,"62":0,"63":0,"64":0,"65":0,"66":0,"67":0,"68":0,"69":0,"70":0,"71":0,"72":0,"73":0,"74":0,"75":0,"76":0,"77":0,"78":0,"79":0,"80":0,"81":0,"82":0,"83":0,"84":0,"85":0,"86":0,"87":0,"88":0,"89":0,"90":0,"91":0,"92":0,"93":0,"94":0,"95":0,"96":0,"97":0,"98":0,"99":0,"100":0,"101":0,"102":0,"103":0,"104":0,"105":0,"106":0,"107":0,"108":0,"109":0,"110":0,"111":0,"112":0,"113":0,"114":0,"115":0,"116":0,"117":0,"118":0,"119":0,"120":0,"121":0,"122":0,"123":0,"124":0,"125":0,"126":0,"127":0,"128":0,"129":0,"130":0,"131":0,"132":0,"133":0,"134":0,"135":0,"136":0,"137":0,"138":0,"139":0,"140":0,"141":0,"142":0,"143":0,"144":0,"145":0,"146":0,"147":0,"148":0,"149":0,"150":0,"151":0,"152":0,"153":0,"154":0,"155":0,"156":0,"157":0,"158":0,"159":0,"160":0,"161":0,"162":0,"163":0,"164":0,"165":0,"166":0,"167":0,"168":0,"169":0,"170":0,"171":0,"172":0,"173":0,"174":0,"175":0,"176":0,"177":0,"178":0,"179":0,"180":0,"181":0,"182":0,"183":0,"184":0,"185":0,"186":0,"187":0,"188":0,"189":0,"190":0,"191":0,"192":0,"193":0,"194":0,"195":0,"196":0,"197":0,"198":0,"199":0,"200":0,"201":0,"202":0,"203":0,"204":0,"205":0,"206":0,"207":0,"208":0,"209":0,"210":0,"211":0,"212":0,"213":0,"214":0},"b":{"0":[0,0,0],"1":[0,0,0,0],"2":[0,0],"3":[0,0],"4":[0,0],"5":[0,0],"6":[0,0],"7":[0,0],"8":[0,0],"9":[0,0],"10":[0,0],"11":[0,0],"12":[0,0],"13":[0,0],"14":[0,0],"15":[0,0],"16":[0,0],"17":[0,0],"18":[0,0],"19":[0,0],"20":[0,0],"21":[0,0],"22":[0,0],"23":[0,0],"24":[0,0],"25":[0,0],"26":[0,0],"27":[0,0],"28":[0,0],"29":[0,0],"30":[0,0],"31":[0,0],"32":[0,0],"33":[0,0],"34":[0,0],"35":[0,0],"36":[0,0],"37":[0,0],"38":[0,0],"39":[0,0],"40":[0,0],"41":[0,0],"42":[0,0],"43":[0,0],"44":[0,0],"45":[0,0],"46":[0,0],"47":[0,0],"48":[0,0],"49":[0,0],"50":[0,0],"51":[0,0],"52":[0,0],"53":[0,0],"54":[0,0],"55":[0,0],"56":[0,0],"57":[0,0],"58":[0,0],"59":[0,0],"60":[0,0],"61":[0,0],"62":[0,0],"63":[0,0],"64":[0,0],"65":[0,0],"66":[0,0],"67":[0,0],"68":[0,0],"69":[0,0],"70":[0,0],"71":[0,0],"72":[0,0],"73":[0,0],"74":[0,0],"75":[0,0],"76":[0,0],"77":[0,0],"78":[0,0],"79":[0,0],"80":[0,0],"81":[0,0],"82":[0,0],"83":[0,0],"84":[0,0],"85":[0,0],"86":[0,0],"87":[0,0],"88":[0,0],"89":[0,0],"90":[0,0],"91":[0,0],"92":[0,0],"93":[0,0],"94":[0,0],"95":[0,0],"96":[0,0],"97":[0,0],"98":[0,0],"99":[0,0],"100":[0,0],"101":[0,0],"102":[0,0],"103":[0,0],"104":[0,0],"105":[0,0],"106":[0,0],"107":[0,0],"108":[0,0],"109":[0,0],"110":[0,0],"111":[0,0],"112":[0,0],"113":[0,0],"114":[0,0],"115":[0,0],"116":[0,0],"117":[0,0],"118":[0,0],"119":[0,0],"120":[0,0],"121":[0,0],"122":[0,0],"123":[0,0],"124":[0,0],"125":[0,0]}},"/Volumes/Data/frameworks/xstream/tools/check-release.js":{"path":"/Volumes/Data/frameworks/xstream/tools/check-release.js","statementMap":{"0":{"start":{"line":20,"column":28},"end":{"line":20,"column":61}},"1":{"start":{"line":21,"column":9},"end":{"line":21,"column":22}},"2":{"start":{"line":23,"column":13},"end":{"line":23,"column":40}},"3":{"start":{"line":26,"column":2},"end":{"line":34,"column":3}},"4":{"start":{"line":27,"column":4},"end":{"line":27,"column":19}},"5":{"start":{"line":28,"column":9},"end":{"line":34,"column":3}},"6":{"start":{"line":29,"column":4},"end":{"line":29,"column":19}},"7":{"start":{"line":30,"column":9},"end":{"line":34,"column":3}},"8":{"start":{"line":31,"column":4},"end":{"line":31,"column":19}},"9":{"start":{"line":33,"column":4},"end":{"line":33,"column":14}},"10":{"start":{"line":38,"column":2},"end":{"line":39,"column":56}},"11":{"start":{"line":43,"column":2},"end":{"line":47,"column":43}},"12":{"start":{"line":51,"column":2},"end":{"line":54,"column":64}},"13":{"start":{"line":58,"column":2},"end":{"line":73,"column":3}},"14":{"start":{"line":59,"column":4},"end":{"line":59,"column":31}},"15":{"start":{"line":61,"column":4},"end":{"line":63,"column":36}},"16":{"start":{"line":64,"column":4},"end":{"line":69,"column":7}},"17":{"start":{"line":65,"column":6},"end":{"line":65,"column":42}},"18":{"start":{"line":66,"column":6},"end":{"line":68,"column":7}},"19":{"start":{"line":67,"column":8},"end":{"line":67,"column":43}},"20":{"start":{"line":70,"column":4},"end":{"line":70,"column":20}},"21":{"start":{"line":72,"column":4},"end":{"line":72,"column":31}},"22":{"start":{"line":76,"column":0},"end":{"line":105,"column":14}},"23":{"start":{"line":80,"column":17},"end":{"line":80,"column":21}},"24":{"start":{"line":81,"column":4},"end":{"line":84,"column":5}},"25":{"start":{"line":82,"column":6},"end":{"line":82,"column":55}},"26":{"start":{"line":83,"column":6},"end":{"line":83,"column":22}},"27":{"start":{"line":85,"column":4},"end":{"line":88,"column":5}},"28":{"start":{"line":86,"column":6},"end":{"line":86,"column":55}},"29":{"start":{"line":87,"column":6},"end":{"line":87,"column":22}},"30":{"start":{"line":89,"column":4},"end":{"line":91,"column":5}},"31":{"start":{"line":90,"column":6},"end":{"line":90,"column":34}},"32":{"start":{"line":92,"column":4},"end":{"line":95,"column":5}},"33":{"start":{"line":93,"column":6},"end":{"line":93,"column":27}},"34":{"start":{"line":94,"column":6},"end":{"line":94,"column":26}},"35":{"start":{"line":96,"column":4},"end":{"line":96,"column":9}},"36":{"start":{"line":100,"column":4},"end":{"line":104,"column":5}},"37":{"start":{"line":101,"column":6},"end":{"line":101,"column":44}},"38":{"start":{"line":103,"column":6},"end":{"line":103,"column":25}}},"fnMap":{"0":{"name":"incrementName","decl":{"start":{"line":25,"column":9},"end":{"line":25,"column":22}},"loc":{"start":{"line":25,"column":29},"end":{"line":35,"column":1}},"line":25},"1":{"name":"isCommitBreakingChange","decl":{"start":{"line":37,"column":9},"end":{"line":37,"column":31}},"loc":{"start":{"line":37,"column":40},"end":{"line":40,"column":1}},"line":37},"2":{"name":"showReportHeaderPositive","decl":{"start":{"line":42,"column":9},"end":{"line":42,"column":33}},"loc":{"start":{"line":42,"column":36},"end":{"line":48,"column":1}},"line":42},"3":{"name":"showReportHeaderNegative","decl":{"start":{"line":50,"column":9},"end":{"line":50,"column":33}},"loc":{"start":{"line":50,"column":36},"end":{"line":55,"column":1}},"line":50},"4":{"name":"showReport","decl":{"start":{"line":57,"column":9},"end":{"line":57,"column":19}},"loc":{"start":{"line":57,"column":28},"end":{"line":74,"column":1}},"line":57},"5":{"name":"(anonymous_5)","decl":{"start":{"line":64,"column":27},"end":{"line":64,"column":28}},"loc":{"start":{"line":64,"column":45},"end":{"line":69,"column":5}},"line":64},"6":{"name":"(anonymous_6)","decl":{"start":{"line":79,"column":13},"end":{"line":79,"column":14}},"loc":{"start":{"line":79,"column":35},"end":{"line":97,"column":3}},"line":79},"7":{"name":"(anonymous_7)","decl":{"start":{"line":99,"column":13},"end":{"line":99,"column":14}},"loc":{"start":{"line":99,"column":25},"end":{"line":105,"column":3}},"line":99}},"branchMap":{"0":{"loc":{"start":{"line":26,"column":2},"end":{"line":34,"column":3}},"type":"if","locations":[{"start":{"line":26,"column":2},"end":{"line":34,"column":3}},{"start":{"line":26,"column":2},"end":{"line":34,"column":3}}],"line":26},"1":{"loc":{"start":{"line":28,"column":9},"end":{"line":34,"column":3}},"type":"if","locations":[{"start":{"line":28,"column":9},"end":{"line":34,"column":3}},{"start":{"line":28,"column":9},"end":{"line":34,"column":3}}],"line":28},"2":{"loc":{"start":{"line":30,"column":9},"end":{"line":34,"column":3}},"type":"if","locations":[{"start":{"line":30,"column":9},"end":{"line":34,"column":3}},{"start":{"line":30,"column":9},"end":{"line":34,"column":3}}],"line":30},"3":{"loc":{"start":{"line":38,"column":10},"end":{"line":39,"column":54}},"type":"binary-expr","locations":[{"start":{"line":38,"column":10},"end":{"line":38,"column":43}},{"start":{"line":39,"column":7},"end":{"line":39,"column":54}}],"line":38},"4":{"loc":{"start":{"line":58,"column":2},"end":{"line":73,"column":3}},"type":"if","locations":[{"start":{"line":58,"column":2},"end":{"line":73,"column":3}},{"start":{"line":58,"column":2},"end":{"line":73,"column":3}}],"line":58},"5":{"loc":{"start":{"line":66,"column":6},"end":{"line":68,"column":7}},"type":"if","locations":[{"start":{"line":66,"column":6},"end":{"line":68,"column":7}},{"start":{"line":66,"column":6},"end":{"line":68,"column":7}}],"line":66},"6":{"loc":{"start":{"line":81,"column":4},"end":{"line":84,"column":5}},"type":"if","locations":[{"start":{"line":81,"column":4},"end":{"line":84,"column":5}},{"start":{"line":81,"column":4},"end":{"line":84,"column":5}}],"line":81},"7":{"loc":{"start":{"line":81,"column":8},"end":{"line":81,"column":81}},"type":"binary-expr","locations":[{"start":{"line":81,"column":8},"end":{"line":81,"column":29}},{"start":{"line":81,"column":33},"end":{"line":81,"column":55}},{"start":{"line":81,"column":59},"end":{"line":81,"column":81}}],"line":81},"8":{"loc":{"start":{"line":85,"column":4},"end":{"line":88,"column":5}},"type":"if","locations":[{"start":{"line":85,"column":4},"end":{"line":88,"column":5}},{"start":{"line":85,"column":4},"end":{"line":88,"column":5}}],"line":85},"9":{"loc":{"start":{"line":89,"column":4},"end":{"line":91,"column":5}},"type":"if","locations":[{"start":{"line":89,"column":4},"end":{"line":91,"column":5}},{"start":{"line":89,"column":4},"end":{"line":91,"column":5}}],"line":89},"10":{"loc":{"start":{"line":92,"column":4},"end":{"line":95,"column":5}},"type":"if","locations":[{"start":{"line":92,"column":4},"end":{"line":95,"column":5}},{"start":{"line":92,"column":4},"end":{"line":95,"column":5}}],"line":92},"11":{"loc":{"start":{"line":100,"column":4},"end":{"line":104,"column":5}},"type":"if","locations":[{"start":{"line":100,"column":4},"end":{"line":104,"column":5}},{"start":{"line":100,"column":4},"end":{"line":104,"column":5}}],"line":100},"12":{"loc":{"start":{"line":100,"column":8},"end":{"line":100,"column":66}},"type":"binary-expr","locations":[{"start":{"line":100,"column":8},"end":{"line":100,"column":38}},{"start":{"line":100,"column":42},"end":{"line":100,"column":66}}],"line":100}},"s":{"0":0,"1":0,"2":0,"3":0,"4":0,"5":0,"6":0,"7":0,"8":0,"9":0,"10":0,"11":0,"12":0,"13":0,"14":0,"15":0,"16":0,"17":0,"18":0,"19":0,"20":0,"21":0,"22":0,"23":0,"24":0,"25":0,"26":0,"27":0,"28":0,"29":0,"30":0,"31":0,"32":0,"33":0,"34":0,"35":0,"36":0,"37":0,"38":0},"f":{"0":0,"1":0,"2":0,"3":0,"4":0,"5":0,"6":0,"7":0},"b":{"0":[0,0],"1":[0,0],"2":[0,0],"3":[0,0],"4":[0,0],"5":[0,0],"6":[0,0],"7":[0,0,0],"8":[0,0],"9":[0,0],"10":[0,0],"11":[0,0],"12":[0,0]}},"/Volumes/Data/frameworks/xstream/tools/generate-docs.js":{"path":"/Volumes/Data/frameworks/xstream/tools/generate-docs.js","statementMap":{"0":{"start":{"line":2,"column":14},"end":{"line":2,"column":32}},"1":{"start":{"line":4,"column":0},"end":{"line":16,"column":1}},"2":{"start":{"line":5,"column":2},"end":{"line":15,"column":4}},"3":{"start":{"line":9,"column":6},"end":{"line":13,"column":7}},"4":{"start":{"line":10,"column":8},"end":{"line":10,"column":27}},"5":{"start":{"line":12,"column":8},"end":{"line":12,"column":76}}},"fnMap":{"0":{"name":"generateDocs","decl":{"start":{"line":4,"column":26},"end":{"line":4,"column":38}},"loc":{"start":{"line":4,"column":48},"end":{"line":16,"column":1}},"line":4},"1":{"name":"generationCallback","decl":{"start":{"line":8,"column":13},"end":{"line":8,"column":31}},"loc":{"start":{"line":8,"column":50},"end":{"line":14,"column":5}},"line":8}},"branchMap":{"0":{"loc":{"start":{"line":9,"column":6},"end":{"line":13,"column":7}},"type":"if","locations":[{"start":{"line":9,"column":6},"end":{"line":13,"column":7}},{"start":{"line":9,"column":6},"end":{"line":13,"column":7}}],"line":9}},"s":{"0":0,"1":0,"2":0,"3":0,"4":0,"5":0},"f":{"0":0,"1":0},"b":{"0":[0,0]}},"/Volumes/Data/frameworks/xstream/tools/make-extras.js":{"path":"/Volumes/Data/frameworks/xstream/tools/make-extras.js","statementMap":{"0":{"start":{"line":2,"column":9},"end":{"line":2,"column":22}},"1":{"start":{"line":3,"column":19},"end":{"line":3,"column":45}},"2":{"start":{"line":5,"column":22},"end":{"line":7,"column":46}},"3":{"start":{"line":6,"column":19},"end":{"line":6,"column":40}},"4":{"start":{"line":7,"column":22},"end":{"line":7,"column":45}},"5":{"start":{"line":9,"column":0},"end":{"line":13,"column":3}}},"fnMap":{"0":{"name":"(anonymous_0)","decl":{"start":{"line":6,"column":7},"end":{"line":6,"column":8}},"loc":{"start":{"line":6,"column":19},"end":{"line":6,"column":40}},"line":6},"1":{"name":"(anonymous_1)","decl":{"start":{"line":7,"column":10},"end":{"line":7,"column":11}},"loc":{"start":{"line":7,"column":22},"end":{"line":7,"column":45}},"line":7}},"branchMap":{},"s":{"0":0,"1":0,"2":0,"3":0,"4":0,"5":0},"f":{"0":0,"1":0},"b":{}},"/Volumes/Data/frameworks/xstream/tools/make-factories.js":{"path":"/Volumes/Data/frameworks/xstream/tools/make-factories.js","statementMap":{"0":{"start":{"line":2,"column":19},"end":{"line":2,"column":45}},"1":{"start":{"line":4,"column":0},"end":{"line":8,"column":3}}},"fnMap":{},"branchMap":{},"s":{"0":0,"1":0},"f":{},"b":{}},"/Volumes/Data/frameworks/xstream/tools/make-methods.js":{"path":"/Volumes/Data/frameworks/xstream/tools/make-methods.js","statementMap":{"0":{"start":{"line":2,"column":19},"end":{"line":2,"column":45}},"1":{"start":{"line":4,"column":0},"end":{"line":8,"column":3}}},"fnMap":{},"branchMap":{},"s":{"0":0,"1":0},"f":{},"b":{}},"/Volumes/Data/frameworks/xstream/tools/make-toc.js":{"path":"/Volumes/Data/frameworks/xstream/tools/make-toc.js","statementMap":{"0":{"start":{"line":2,"column":19},"end":{"line":2,"column":45}},"1":{"start":{"line":4,"column":0},"end":{"line":8,"column":3}}},"fnMap":{},"branchMap":{},"s":{"0":0,"1":0},"f":{},"b":{}},"/Volumes/Data/frameworks/xstream/tools/minify.js":{"path":"/Volumes/Data/frameworks/xstream/tools/minify.js","statementMap":{"0":{"start":{"line":1,"column":15},"end":{"line":1,"column":60}},"1":{"start":{"line":2,"column":9},"end":{"line":2,"column":22}},"2":{"start":{"line":3,"column":13},"end":{"line":3,"column":55}},"3":{"start":{"line":5,"column":20},"end":{"line":10,"column":1}},"4":{"start":{"line":12,"column":13},"end":{"line":12,"column":36}},"5":{"start":{"line":13,"column":0},"end":{"line":13,"column":69}},"6":{"start":{"line":14,"column":0},"end":{"line":14,"column":70}}},"fnMap":{},"branchMap":{},"s":{"0":0,"1":0,"2":0,"3":0,"4":0,"5":0,"6":0},"f":{},"b":{}},"/Volumes/Data/frameworks/xstream/tools/strip-comments.js":{"path":"/Volumes/Data/frameworks/xstream/tools/strip-comments.js","statementMap":{"0":{"start":{"line":1,"column":20},"end":{"line":1,"column":45}},"1":{"start":{"line":3,"column":0},"end":{"line":3,"column":34}},"2":{"start":{"line":5,"column":11},"end":{"line":5,"column":13}},"3":{"start":{"line":7,"column":0},"end":{"line":12,"column":3}},"4":{"start":{"line":8,"column":14},"end":{"line":8,"column":34}},"5":{"start":{"line":9,"column":2},"end":{"line":11,"column":3}},"6":{"start":{"line":10,"column":4},"end":{"line":10,"column":24}},"7":{"start":{"line":14,"column":0},"end":{"line":16,"column":3}},"8":{"start":{"line":15,"column":2},"end":{"line":15,"column":44}}},"fnMap":{"0":{"name":"(anonymous_0)","decl":{"start":{"line":7,"column":29},"end":{"line":7,"column":30}},"loc":{"start":{"line":7,"column":35},"end":{"line":12,"column":1}},"line":7},"1":{"name":"(anonymous_1)","decl":{"start":{"line":14,"column":24},"end":{"line":14,"column":25}},"loc":{"start":{"line":14,"column":30},"end":{"line":16,"column":1}},"line":14}},"branchMap":{"0":{"loc":{"start":{"line":9,"column":2},"end":{"line":11,"column":3}},"type":"if","locations":[{"start":{"line":9,"column":2},"end":{"line":11,"column":3}},{"start":{"line":9,"column":2},"end":{"line":11,"column":3}}],"line":9}},"s":{"0":0,"1":0,"2":0,"3":0,"4":0,"5":0,"6":0,"7":0,"8":0},"f":{"0":0,"1":0},"b":{"0":[0,0]}}}